{"contracts/DaisyNew.sol":{"l":{"133":0,"134":0,"138":0,"139":0,"143":0,"144":0,"148":0,"149":0,"157":0,"158":0,"159":0,"160":0,"161":0,"162":0,"163":0,"164":0,"165":0,"166":0,"167":0,"168":0,"169":0,"170":0,"171":0,"172":0,"173":0,"174":0,"175":0,"176":0,"177":0,"178":0,"179":0,"180":0,"181":0,"183":0,"184":0,"185":0,"186":0,"187":0,"188":0,"189":0,"190":0,"192":0,"193":0,"194":0,"195":0,"196":0,"197":0,"198":0,"199":0,"200":0,"201":0,"202":0,"204":0,"205":0,"206":0,"207":0,"208":0,"209":0,"210":0,"211":0,"212":0,"213":0,"214":0,"215":0,"218":0,"220":0,"221":0,"222":0,"223":0,"227":0,"231":0,"235":0,"239":0,"240":0,"242":0,"243":0,"244":0,"245":0,"246":0,"247":0,"248":0,"249":0,"251":0,"252":0,"254":0,"258":0,"261":0,"262":0,"263":0,"264":0,"265":0,"266":0,"267":0,"271":0,"272":0,"273":0,"275":0,"281":0,"282":0,"283":0,"286":0,"288":0,"289":0,"291":0,"295":0,"296":0,"297":0,"298":0,"299":0,"300":0,"301":0,"305":0,"306":0,"308":0,"309":0,"316":0,"317":0,"318":0,"319":0,"321":0,"322":0,"325":0,"327":0,"330":0,"331":0,"334":0,"338":0,"339":0,"341":0,"342":0,"344":0,"345":0,"350":0,"352":0,"354":0,"355":0,"357":0,"358":0,"360":0,"361":0,"363":0,"364":0,"370":0,"371":0,"376":0,"380":0,"384":0,"385":0,"387":0,"388":0,"392":0,"393":0,"394":0,"408":0,"409":0,"414":0,"415":0,"416":0,"420":0,"421":0,"422":0,"423":0,"424":0,"425":0,"426":0,"429":0,"430":0,"431":0,"434":0,"437":0,"438":0,"446":0,"447":0,"448":0,"449":0,"452":0,"456":0,"457":0,"458":0,"459":0,"462":0,"466":0,"467":0,"468":0,"469":0,"470":0,"472":0,"473":0,"475":0,"476":0,"477":0,"480":0,"481":0,"482":0,"483":0,"484":0,"490":0,"494":0,"495":0,"496":0,"497":0,"498":0,"499":0,"501":0,"502":0,"503":0,"506":0,"509":0,"510":0,"511":0,"512":0,"513":0,"515":0,"516":0,"517":0,"521":0,"522":0,"523":0,"530":0,"531":0,"534":0,"535":0,"536":0,"537":0,"538":0,"539":0,"542":0,"543":0,"546":0,"548":0,"549":0,"550":0,"552":0,"554":0,"555":0,"556":0,"558":0,"561":0,"562":0,"563":0,"564":0,"566":0,"570":0,"571":0,"572":0,"575":0,"576":0,"580":0,"582":0,"583":0,"584":0,"585":0,"587":0,"591":0,"595":0,"596":0,"597":0,"599":0,"602":0,"603":0,"604":0,"605":0,"608":0,"609":0,"613":0,"614":0,"616":0,"621":0,"625":0,"629":0,"633":0,"637":0,"642":0,"643":0,"644":0,"645":0,"648":0,"649":0,"652":0,"657":0,"658":0,"659":0,"660":0,"663":0,"667":0,"671":0,"675":0,"679":0,"683":0,"687":0},"path":"/home/user/ibg/contracts/DaisyNew.sol","s":{"1":0,"2":0,"3":0,"4":0,"5":0,"6":0,"7":0,"8":0,"9":0,"10":0,"11":0,"12":0,"13":0,"14":0,"15":0,"16":0,"17":0,"18":0,"19":0,"20":0,"21":0,"22":0,"23":0,"24":0,"25":0,"26":0,"27":0,"28":0,"29":0,"30":0,"31":0,"32":0,"33":0,"34":0,"35":0,"36":0,"37":0,"38":0,"39":0,"40":0,"41":0,"42":0,"43":0,"44":0,"45":0,"46":0,"47":0,"48":0,"49":0,"50":0,"51":0,"52":0,"53":0,"54":0,"55":0,"56":0,"57":0,"58":0,"59":0,"60":0,"61":0,"62":0,"63":0,"64":0,"65":0,"66":0,"67":0,"68":0,"69":0,"70":0,"71":0,"72":0,"73":0,"74":0,"75":0,"76":0,"77":0,"78":0,"79":0,"80":0,"81":0,"82":0,"83":0,"84":0,"85":0,"86":0,"87":0,"88":0,"89":0,"90":0,"91":0,"92":0,"93":0,"94":0,"95":0,"96":0,"97":0,"98":0,"99":0,"100":0,"101":0,"102":0,"103":0,"104":0,"105":0,"106":0,"107":0,"108":0,"109":0,"110":0,"111":0,"112":0,"113":0,"114":0,"115":0,"116":0,"117":0,"118":0,"119":0,"120":0,"121":0,"122":0,"123":0,"124":0,"125":0,"126":0,"127":0,"128":0,"129":0,"130":0,"131":0,"132":0,"133":0,"134":0,"135":0,"136":0,"137":0,"138":0,"139":0,"140":0,"141":0,"142":0,"143":0,"144":0,"145":0,"146":0,"147":0,"148":0,"149":0,"150":0,"151":0,"152":0,"153":0,"154":0,"155":0,"156":0,"157":0,"158":0,"159":0,"160":0,"161":0,"162":0,"163":0,"164":0,"165":0,"166":0,"167":0,"168":0,"169":0,"170":0,"171":0,"172":0,"173":0,"174":0,"175":0,"176":0,"177":0,"178":0,"179":0,"180":0,"181":0,"182":0,"183":0,"184":0,"185":0,"186":0,"187":0,"188":0,"189":0,"190":0,"191":0,"192":0,"193":0,"194":0,"195":0,"196":0,"197":0,"198":0,"199":0,"200":0,"201":0,"202":0,"203":0,"204":0,"205":0,"206":0,"207":0,"208":0,"209":0,"210":0,"211":0,"212":0,"213":0,"214":0,"215":0,"216":0,"217":0,"218":0,"219":0,"220":0,"221":0,"222":0,"223":0,"224":0,"225":0,"226":0,"227":0,"228":0,"229":0,"230":0,"231":0,"232":0,"233":0,"234":0,"235":0,"236":0,"237":0,"238":0,"239":0,"240":0,"241":0,"242":0,"243":0,"244":0,"245":0,"246":0,"247":0,"248":0,"249":0,"250":0,"251":0,"252":0,"253":0,"254":0,"255":0,"256":0,"257":0,"258":0,"259":0,"260":0,"261":0,"262":0,"263":0,"264":0,"265":0,"266":0,"267":0,"268":0,"269":0,"270":0,"271":0,"272":0,"273":0,"274":0,"275":0,"276":0,"277":0,"278":0},"b":{"1":[0,0],"2":[0,0],"3":[0,0],"4":[0,0],"5":[0,0],"6":[0,0],"7":[0,0],"8":[0,0],"9":[0,0],"10":[0,0],"11":[0,0],"12":[0,0],"13":[0,0],"14":[0,0],"15":[0,0],"16":[0,0],"17":[0,0],"18":[0,0],"19":[0,0],"20":[0,0],"21":[0,0],"22":[0,0],"23":[0,0],"24":[0,0],"25":[0,0],"26":[0,0],"27":[0,0],"28":[0,0],"29":[0,0],"30":[0,0],"31":[0,0],"32":[0,0],"33":[0,0],"34":[0,0],"35":[0,0],"36":[0,0],"37":[0,0],"38":[0,0],"39":[0,0],"40":[0,0],"41":[0,0],"42":[0,0],"43":[0,0],"44":[0,0],"45":[0,0],"46":[0,0],"47":[0,0],"48":[0,0],"49":[0,0],"50":[0,0],"51":[0,0]},"f":{"1":0,"2":0,"3":0,"4":0,"5":0,"6":0,"7":0,"8":0,"9":0,"10":0,"11":0,"12":0,"13":0,"14":0,"15":0,"16":0,"17":0,"18":0,"19":0,"20":0,"21":0,"22":0,"23":0,"24":0,"25":0,"26":0,"27":0,"28":0,"29":0,"30":0,"31":0,"32":0,"33":0,"34":0,"35":0,"36":0,"37":0,"38":0,"39":0,"40":0},"fnMap":{"1":{"name":"onlyGovernance","line":132,"loc":{"start":{"line":132,"column":4},"end":{"line":135,"column":4}}},"2":{"name":"onlyMasterWalletDaisy","line":137,"loc":{"start":{"line":137,"column":4},"end":{"line":140,"column":4}}},"3":{"name":"onlyWithdrawalEndotech","line":142,"loc":{"start":{"line":142,"column":4},"end":{"line":145,"column":4}}},"4":{"name":"onlySuperAdminEndotech","line":147,"loc":{"start":{"line":147,"column":4},"end":{"line":150,"column":4}}},"5":{"name":"initialize","line":152,"loc":{"start":{"line":152,"column":4},"end":{"line":228,"column":4}}},"6":{"name":"recoverUserInfo","line":230,"loc":{"start":{"line":230,"column":4},"end":{"line":232,"column":4}}},"7":{"name":"recoverInfoAdmin","line":234,"loc":{"start":{"line":234,"column":4},"end":{"line":236,"column":4}}},"8":{"name":"addExistingUserOne","line":238,"loc":{"start":{"line":238,"column":4},"end":{"line":255,"column":4}}},"9":{"name":"addExistingUserTwo","line":257,"loc":{"start":{"line":257,"column":4},"end":{"line":268,"column":4}}},"10":{"name":"register","line":270,"loc":{"start":{"line":270,"column":4},"end":{"line":292,"column":4}}},"11":{"name":"_addUser","line":294,"loc":{"start":{"line":294,"column":4},"end":{"line":302,"column":4}}},"12":{"name":"purchaseTier","line":304,"loc":{"start":{"line":304,"column":4},"end":{"line":335,"column":4}}},"13":{"name":"incomeDistribution","line":337,"loc":{"start":{"line":337,"column":4},"end":{"line":367,"column":4}}},"14":{"name":"updatePoolAmount","line":369,"loc":{"start":{"line":369,"column":4},"end":{"line":372,"column":4}}},"15":{"name":"developmentIncome","line":374,"loc":{"start":{"line":374,"column":4},"end":{"line":389,"column":4}}},"16":{"name":"breakageDistribution","line":391,"loc":{"start":{"line":391,"column":4},"end":{"line":411,"column":4}}},"17":{"name":"referralBonus","line":413,"loc":{"start":{"line":413,"column":4},"end":{"line":417,"column":4}}},"18":{"name":"updateGenerationStatus","line":419,"loc":{"start":{"line":419,"column":4},"end":{"line":443,"column":4}}},"19":{"name":"getAccumulatedPacesetterBonus","line":445,"loc":{"start":{"line":445,"column":4},"end":{"line":453,"column":4}}},"20":{"name":"getAccumulatedInfinityBonus","line":455,"loc":{"start":{"line":455,"column":4},"end":{"line":463,"column":4}}},"21":{"name":"updatePoolStatus","line":465,"loc":{"start":{"line":465,"column":4},"end":{"line":487,"column":4}}},"22":{"name":"withdrawPoolBonus","line":489,"loc":{"start":{"line":489,"column":4},"end":{"line":491,"column":4}}},"23":{"name":"claimPoolBonus","line":493,"loc":{"start":{"line":493,"column":4},"end":{"line":527,"column":4}}},"24":{"name":"withdrawTradingBonus","line":529,"loc":{"start":{"line":529,"column":4},"end":{"line":577,"column":4}}},"25":{"name":"withdrawVIPTradingBonus","line":579,"loc":{"start":{"line":579,"column":4},"end":{"line":592,"column":4}}},"26":{"name":"getEligibleReferrer","line":594,"loc":{"start":{"line":594,"column":4},"end":{"line":610,"column":4}}},"27":{"name":"sendRewards","line":612,"loc":{"start":{"line":612,"column":4},"end":{"line":618,"column":4}}},"28":{"name":"changeBreakageReceiversAddress","line":620,"loc":{"start":{"line":620,"column":4},"end":{"line":622,"column":4}}},"29":{"name":"changePartnersEntryFeesAddress","line":624,"loc":{"start":{"line":624,"column":4},"end":{"line":626,"column":4}}},"30":{"name":"changeBreakagePartnerId13One","line":628,"loc":{"start":{"line":628,"column":4},"end":{"line":630,"column":4}}},"31":{"name":"changeBreakagePartnerId13Two","line":632,"loc":{"start":{"line":632,"column":4},"end":{"line":634,"column":4}}},"32":{"name":"getInfinityAccumulatedAmount","line":636,"loc":{"start":{"line":636,"column":4},"end":{"line":638,"column":4}}},"33":{"name":"addInfinityClubMembers","line":641,"loc":{"start":{"line":641,"column":4},"end":{"line":653,"column":4}}},"34":{"name":"addPacesetters","line":656,"loc":{"start":{"line":656,"column":4},"end":{"line":664,"column":4}}},"35":{"name":"setMaxEligibleReferrerWalks","line":666,"loc":{"start":{"line":666,"column":4},"end":{"line":668,"column":4}}},"36":{"name":"changeDepositFeeWalletEndotech","line":670,"loc":{"start":{"line":670,"column":4},"end":{"line":672,"column":4}}},"37":{"name":"changeTradingFundWalletEndotech","line":674,"loc":{"start":{"line":674,"column":4},"end":{"line":676,"column":4}}},"38":{"name":"changeTradingWithrawalAdmin","line":678,"loc":{"start":{"line":678,"column":4},"end":{"line":680,"column":4}}},"39":{"name":"isUserExists","line":682,"loc":{"start":{"line":682,"column":4},"end":{"line":684,"column":4}}},"40":{"name":"tierPrice","line":686,"loc":{"start":{"line":686,"column":4},"end":{"line":688,"column":4}}}},"statementMap":{"1":{"start":{"line":133,"column":8},"end":{"line":133,"column":57}},"2":{"start":{"line":138,"column":8},"end":{"line":138,"column":67}},"3":{"start":{"line":143,"column":8},"end":{"line":143,"column":72}},"4":{"start":{"line":148,"column":8},"end":{"line":148,"column":68}},"5":{"start":{"line":157,"column":8},"end":{"line":157,"column":47}},"6":{"start":{"line":158,"column":8},"end":{"line":158,"column":26}},"7":{"start":{"line":159,"column":8},"end":{"line":159,"column":29}},"8":{"start":{"line":160,"column":8},"end":{"line":160,"column":29}},"9":{"start":{"line":161,"column":8},"end":{"line":161,"column":40}},"10":{"start":{"line":162,"column":8},"end":{"line":162,"column":64}},"11":{"start":{"line":163,"column":8},"end":{"line":163,"column":69}},"12":{"start":{"line":164,"column":8},"end":{"line":164,"column":70}},"13":{"start":{"line":165,"column":8},"end":{"line":165,"column":74}},"14":{"start":{"line":166,"column":8},"end":{"line":166,"column":73}},"15":{"start":{"line":167,"column":8},"end":{"line":167,"column":74}},"16":{"start":{"line":168,"column":8},"end":{"line":168,"column":70}},"17":{"start":{"line":169,"column":8},"end":{"line":169,"column":71}},"18":{"start":{"line":170,"column":8},"end":{"line":170,"column":71}},"19":{"start":{"line":171,"column":8},"end":{"line":171,"column":71}},"20":{"start":{"line":172,"column":8},"end":{"line":172,"column":71}},"21":{"start":{"line":173,"column":8},"end":{"line":173,"column":72}},"22":{"start":{"line":174,"column":8},"end":{"line":174,"column":72}},"23":{"start":{"line":175,"column":8},"end":{"line":175,"column":72}},"24":{"start":{"line":176,"column":8},"end":{"line":176,"column":72}},"25":{"start":{"line":177,"column":8},"end":{"line":177,"column":74}},"26":{"start":{"line":178,"column":8},"end":{"line":178,"column":74}},"27":{"start":{"line":179,"column":8},"end":{"line":179,"column":74}},"28":{"start":{"line":180,"column":8},"end":{"line":180,"column":74}},"29":{"start":{"line":181,"column":8},"end":{"line":181,"column":74}},"30":{"start":{"line":183,"column":8},"end":{"line":183,"column":68}},"31":{"start":{"line":184,"column":8},"end":{"line":184,"column":82}},"32":{"start":{"line":185,"column":8},"end":{"line":185,"column":80}},"33":{"start":{"line":186,"column":8},"end":{"line":186,"column":85}},"34":{"start":{"line":187,"column":8},"end":{"line":187,"column":89}},"35":{"start":{"line":188,"column":8},"end":{"line":188,"column":122}},"36":{"start":{"line":189,"column":8},"end":{"line":189,"column":92}},"37":{"start":{"line":190,"column":8},"end":{"line":190,"column":115}},"38":{"start":{"line":192,"column":8},"end":{"line":192,"column":82}},"39":{"start":{"line":193,"column":8},"end":{"line":193,"column":44}},"40":{"start":{"line":194,"column":8},"end":{"line":194,"column":52}},"41":{"start":{"line":195,"column":8},"end":{"line":195,"column":61}},"42":{"start":{"line":196,"column":8},"end":{"line":196,"column":73}},"43":{"start":{"line":197,"column":8},"end":{"line":197,"column":77}},"44":{"start":{"line":198,"column":8},"end":{"line":198,"column":91}},"45":{"start":{"line":199,"column":8},"end":{"line":199,"column":95}},"46":{"start":{"line":200,"column":8},"end":{"line":200,"column":91}},"47":{"start":{"line":201,"column":8},"end":{"line":201,"column":95}},"48":{"start":{"line":202,"column":8},"end":{"line":202,"column":54}},"49":{"start":{"line":204,"column":8},"end":{"line":204,"column":9742}},"50":{"start":{"line":205,"column":12},"end":{"line":205,"column":45}},"51":{"start":{"line":206,"column":12},"end":{"line":206,"column":48}},"52":{"start":{"line":207,"column":12},"end":{"line":207,"column":56}},"53":{"start":{"line":208,"column":12},"end":{"line":208,"column":60}},"54":{"start":{"line":209,"column":12},"end":{"line":209,"column":77}},"55":{"start":{"line":210,"column":12},"end":{"line":210,"column":81}},"56":{"start":{"line":211,"column":12},"end":{"line":211,"column":95}},"57":{"start":{"line":212,"column":12},"end":{"line":212,"column":99}},"58":{"start":{"line":213,"column":12},"end":{"line":213,"column":95}},"59":{"start":{"line":214,"column":12},"end":{"line":214,"column":99}},"60":{"start":{"line":215,"column":12},"end":{"line":215,"column":58}},"61":{"start":{"line":218,"column":8},"end":{"line":218,"column":39}},"62":{"start":{"line":220,"column":8},"end":{"line":220,"column":58}},"63":{"start":{"line":221,"column":8},"end":{"line":221,"column":46}},"64":{"start":{"line":222,"column":8},"end":{"line":222,"column":47}},"65":{"start":{"line":223,"column":8},"end":{"line":223,"column":33}},"66":{"start":{"line":227,"column":8},"end":{"line":227,"column":61}},"67":{"start":{"line":231,"column":8},"end":{"line":231,"column":37}},"68":{"start":{"line":235,"column":8},"end":{"line":235,"column":38}},"69":{"start":{"line":239,"column":8},"end":{"line":239,"column":72}},"70":{"start":{"line":240,"column":8},"end":{"line":240,"column":11411}},"71":{"start":{"line":242,"column":8},"end":{"line":242,"column":61}},"72":{"start":{"line":243,"column":8},"end":{"line":243,"column":39}},"73":{"start":{"line":244,"column":8},"end":{"line":244,"column":41}},"74":{"start":{"line":245,"column":8},"end":{"line":245,"column":99}},"75":{"start":{"line":246,"column":8},"end":{"line":246,"column":90}},"76":{"start":{"line":247,"column":8},"end":{"line":247,"column":96}},"77":{"start":{"line":248,"column":8},"end":{"line":248,"column":99}},"78":{"start":{"line":249,"column":8},"end":{"line":249,"column":93}},"79":{"start":{"line":251,"column":8},"end":{"line":251,"column":40}},"80":{"start":{"line":252,"column":8},"end":{"line":252,"column":40}},"81":{"start":{"line":254,"column":8},"end":{"line":254,"column":38}},"82":{"start":{"line":258,"column":8},"end":{"line":258,"column":12464}},"83":{"start":{"line":261,"column":8},"end":{"line":261,"column":99}},"84":{"start":{"line":262,"column":8},"end":{"line":262,"column":126}},"85":{"start":{"line":263,"column":8},"end":{"line":263,"column":110}},"86":{"start":{"line":264,"column":8},"end":{"line":264,"column":93}},"87":{"start":{"line":265,"column":8},"end":{"line":265,"column":108}},"88":{"start":{"line":266,"column":8},"end":{"line":266,"column":61}},"89":{"start":{"line":267,"column":8},"end":{"line":267,"column":40}},"90":{"start":{"line":271,"column":8},"end":{"line":271,"column":108}},"91":{"start":{"line":272,"column":8},"end":{"line":272,"column":118}},"92":{"start":{"line":273,"column":8},"end":{"line":273,"column":78}},"93":{"start":{"line":275,"column":8},"end":{"line":275,"column":13660}},"94":{"start":{"line":281,"column":8},"end":{"line":281,"column":51}},"95":{"start":{"line":282,"column":8},"end":{"line":282,"column":13894}},"96":{"start":{"line":283,"column":12},"end":{"line":283,"column":46}},"97":{"start":{"line":286,"column":8},"end":{"line":286,"column":37}},"98":{"start":{"line":289,"column":8},"end":{"line":289,"column":93}},"99":{"start":{"line":291,"column":8},"end":{"line":291,"column":98}},"100":{"start":{"line":295,"column":8},"end":{"line":295,"column":78}},"101":{"start":{"line":296,"column":8},"end":{"line":296,"column":70}},"102":{"start":{"line":297,"column":8},"end":{"line":297,"column":60}},"103":{"start":{"line":298,"column":8},"end":{"line":298,"column":52}},"104":{"start":{"line":299,"column":8},"end":{"line":299,"column":39}},"105":{"start":{"line":300,"column":8},"end":{"line":300,"column":40}},"106":{"start":{"line":301,"column":8},"end":{"line":301,"column":40}},"107":{"start":{"line":305,"column":8},"end":{"line":305,"column":110}},"108":{"start":{"line":306,"column":8},"end":{"line":306,"column":64}},"109":{"start":{"line":308,"column":8},"end":{"line":308,"column":87}},"110":{"start":{"line":309,"column":8},"end":{"line":309,"column":15206}},"111":{"start":{"line":316,"column":8},"end":{"line":316,"column":71}},"112":{"start":{"line":317,"column":8},"end":{"line":317,"column":15446}},"113":{"start":{"line":318,"column":12},"end":{"line":318,"column":56}},"114":{"start":{"line":319,"column":12},"end":{"line":319,"column":18}},"115":{"start":{"line":321,"column":8},"end":{"line":321,"column":15576}},"116":{"start":{"line":322,"column":12},"end":{"line":322,"column":42}},"117":{"start":{"line":325,"column":8},"end":{"line":325,"column":92}},"118":{"start":{"line":327,"column":8},"end":{"line":327,"column":16038}},"119":{"start":{"line":330,"column":8},"end":{"line":330,"column":16116}},"120":{"start":{"line":331,"column":12},"end":{"line":331,"column":58}},"121":{"start":{"line":334,"column":8},"end":{"line":334,"column":70}},"122":{"start":{"line":338,"column":8},"end":{"line":338,"column":43}},"123":{"start":{"line":339,"column":8},"end":{"line":339,"column":54}},"124":{"start":{"line":341,"column":8},"end":{"line":341,"column":89}},"125":{"start":{"line":342,"column":8},"end":{"line":342,"column":77}},"126":{"start":{"line":344,"column":8},"end":{"line":344,"column":118}},"127":{"start":{"line":345,"column":8},"end":{"line":345,"column":16809}},"128":{"start":{"line":350,"column":8},"end":{"line":350,"column":70}},"129":{"start":{"line":352,"column":8},"end":{"line":352,"column":127}},"130":{"start":{"line":354,"column":8},"end":{"line":354,"column":56}},"131":{"start":{"line":355,"column":8},"end":{"line":355,"column":52}},"132":{"start":{"line":357,"column":8},"end":{"line":357,"column":41}},"133":{"start":{"line":358,"column":8},"end":{"line":358,"column":30}},"134":{"start":{"line":360,"column":8},"end":{"line":360,"column":17421}},"135":{"start":{"line":361,"column":12},"end":{"line":361,"column":62}},"136":{"start":{"line":363,"column":12},"end":{"line":363,"column":17575}},"137":{"start":{"line":364,"column":16},"end":{"line":364,"column":60}},"138":{"start":{"line":370,"column":8},"end":{"line":370,"column":59}},"139":{"start":{"line":371,"column":8},"end":{"line":371,"column":55}},"140":{"start":{"line":376,"column":8},"end":{"line":376,"column":18144}},"141":{"start":{"line":380,"column":8},"end":{"line":380,"column":18423}},"142":{"start":{"line":384,"column":8},"end":{"line":384,"column":18548}},"143":{"start":{"line":385,"column":12},"end":{"line":385,"column":98}},"144":{"start":{"line":387,"column":8},"end":{"line":387,"column":93}},"145":{"start":{"line":388,"column":8},"end":{"line":388,"column":67}},"146":{"start":{"line":392,"column":8},"end":{"line":392,"column":47}},"147":{"start":{"line":393,"column":8},"end":{"line":393,"column":42}},"148":{"start":{"line":394,"column":8},"end":{"line":394,"column":45}},"149":{"start":{"line":408,"column":8},"end":{"line":408,"column":19943}},"150":{"start":{"line":409,"column":12},"end":{"line":409,"column":90}},"151":{"start":{"line":414,"column":8},"end":{"line":414,"column":40}},"152":{"start":{"line":415,"column":8},"end":{"line":415,"column":96}},"153":{"start":{"line":416,"column":8},"end":{"line":416,"column":43}},"154":{"start":{"line":420,"column":8},"end":{"line":420,"column":32}},"155":{"start":{"line":421,"column":8},"end":{"line":421,"column":39}},"156":{"start":{"line":422,"column":8},"end":{"line":422,"column":20549}},"157":{"start":{"line":423,"column":12},"end":{"line":423,"column":70}},"158":{"start":{"line":424,"column":12},"end":{"line":424,"column":20705}},"159":{"start":{"line":425,"column":16},"end":{"line":425,"column":20766}},"160":{"start":{"line":426,"column":20},"end":{"line":426,"column":20939}},"161":{"start":{"line":429,"column":24},"end":{"line":429,"column":21143}},"162":{"start":{"line":430,"column":28},"end":{"line":430,"column":59}},"163":{"start":{"line":431,"column":28},"end":{"line":431,"column":61}},"164":{"start":{"line":434,"column":24},"end":{"line":434,"column":53}},"165":{"start":{"line":437,"column":20},"end":{"line":437,"column":21446}},"166":{"start":{"line":438,"column":24},"end":{"line":438,"column":30}},"167":{"start":{"line":446,"column":8},"end":{"line":446,"column":61}},"168":{"start":{"line":447,"column":8},"end":{"line":447,"column":21782}},"169":{"start":{"line":448,"column":12},"end":{"line":448,"column":97}},"170":{"start":{"line":449,"column":12},"end":{"line":449,"column":52}},"171":{"start":{"line":452,"column":8},"end":{"line":452,"column":41}},"172":{"start":{"line":456,"column":8},"end":{"line":456,"column":57}},"173":{"start":{"line":457,"column":8},"end":{"line":457,"column":22172}},"174":{"start":{"line":458,"column":12},"end":{"line":458,"column":95}},"175":{"start":{"line":459,"column":12},"end":{"line":459,"column":48}},"176":{"start":{"line":462,"column":8},"end":{"line":462,"column":39}},"177":{"start":{"line":466,"column":8},"end":{"line":466,"column":22491}},"178":{"start":{"line":467,"column":12},"end":{"line":467,"column":61}},"179":{"start":{"line":468,"column":12},"end":{"line":468,"column":100}},"180":{"start":{"line":470,"column":12},"end":{"line":470,"column":43}},"181":{"start":{"line":475,"column":12},"end":{"line":475,"column":23036}},"182":{"start":{"line":476,"column":16},"end":{"line":476,"column":23123}},"183":{"start":{"line":477,"column":20},"end":{"line":477,"column":83}},"184":{"start":{"line":480,"column":16},"end":{"line":480,"column":91}},"185":{"start":{"line":481,"column":16},"end":{"line":481,"column":108}},"186":{"start":{"line":483,"column":16},"end":{"line":483,"column":73}},"187":{"start":{"line":484,"column":16},"end":{"line":484,"column":71}},"188":{"start":{"line":490,"column":8},"end":{"line":490,"column":33}},"189":{"start":{"line":494,"column":8},"end":{"line":494,"column":131}},"190":{"start":{"line":495,"column":8},"end":{"line":495,"column":20}},"191":{"start":{"line":496,"column":8},"end":{"line":496,"column":18}},"192":{"start":{"line":497,"column":8},"end":{"line":497,"column":24050}},"193":{"start":{"line":498,"column":12},"end":{"line":498,"column":50}},"194":{"start":{"line":499,"column":12},"end":{"line":499,"column":87}},"195":{"start":{"line":501,"column":12},"end":{"line":501,"column":24261}},"196":{"start":{"line":502,"column":16},"end":{"line":502,"column":48}},"197":{"start":{"line":503,"column":16},"end":{"line":503,"column":99}},"198":{"start":{"line":506,"column":12},"end":{"line":506,"column":74}},"199":{"start":{"line":509,"column":8},"end":{"line":509,"column":24540}},"200":{"start":{"line":510,"column":12},"end":{"line":510,"column":32}},"201":{"start":{"line":511,"column":12},"end":{"line":511,"column":48}},"202":{"start":{"line":512,"column":12},"end":{"line":512,"column":24690}},"203":{"start":{"line":513,"column":16},"end":{"line":513,"column":94}},"204":{"start":{"line":515,"column":16},"end":{"line":515,"column":24877}},"205":{"start":{"line":516,"column":20},"end":{"line":516,"column":65}},"206":{"start":{"line":517,"column":20},"end":{"line":517,"column":85}},"207":{"start":{"line":521,"column":12},"end":{"line":521,"column":25093}},"208":{"start":{"line":522,"column":16},"end":{"line":522,"column":103}},"209":{"start":{"line":523,"column":16},"end":{"line":523,"column":56}},"210":{"start":{"line":530,"column":8},"end":{"line":530,"column":25460}},"211":{"start":{"line":531,"column":12},"end":{"line":531,"column":68}},"212":{"start":{"line":534,"column":8},"end":{"line":534,"column":50}},"213":{"start":{"line":535,"column":8},"end":{"line":535,"column":66}},"214":{"start":{"line":536,"column":8},"end":{"line":536,"column":25731}},"215":{"start":{"line":537,"column":12},"end":{"line":537,"column":72}},"216":{"start":{"line":538,"column":12},"end":{"line":538,"column":55}},"217":{"start":{"line":539,"column":12},"end":{"line":539,"column":18}},"218":{"start":{"line":542,"column":8},"end":{"line":542,"column":25928}},"219":{"start":{"line":543,"column":12},"end":{"line":543,"column":72}},"220":{"start":{"line":546,"column":8},"end":{"line":546,"column":41}},"221":{"start":{"line":548,"column":8},"end":{"line":548,"column":45}},"222":{"start":{"line":549,"column":8},"end":{"line":549,"column":36}},"223":{"start":{"line":550,"column":8},"end":{"line":550,"column":48}},"224":{"start":{"line":552,"column":8},"end":{"line":552,"column":46}},"225":{"start":{"line":554,"column":8},"end":{"line":554,"column":26576}},"226":{"start":{"line":555,"column":12},"end":{"line":555,"column":111}},"227":{"start":{"line":556,"column":12},"end":{"line":556,"column":46}},"228":{"start":{"line":558,"column":12},"end":{"line":558,"column":79}},"229":{"start":{"line":561,"column":8},"end":{"line":561,"column":26890}},"230":{"start":{"line":562,"column":12},"end":{"line":562,"column":26938}},"231":{"start":{"line":563,"column":16},"end":{"line":563,"column":115}},"232":{"start":{"line":564,"column":16},"end":{"line":564,"column":50}},"233":{"start":{"line":566,"column":16},"end":{"line":566,"column":83}},"234":{"start":{"line":570,"column":8},"end":{"line":570,"column":87}},"235":{"start":{"line":571,"column":8},"end":{"line":571,"column":27368}},"236":{"start":{"line":572,"column":12},"end":{"line":572,"column":93}},"237":{"start":{"line":575,"column":8},"end":{"line":575,"column":51}},"238":{"start":{"line":576,"column":8},"end":{"line":576,"column":49}},"239":{"start":{"line":580,"column":8},"end":{"line":580,"column":41}},"240":{"start":{"line":582,"column":8},"end":{"line":582,"column":27838}},"241":{"start":{"line":583,"column":12},"end":{"line":583,"column":27886}},"242":{"start":{"line":584,"column":16},"end":{"line":584,"column":112}},"243":{"start":{"line":585,"column":16},"end":{"line":585,"column":47}},"244":{"start":{"line":587,"column":16},"end":{"line":587,"column":80}},"245":{"start":{"line":591,"column":8},"end":{"line":591,"column":50}},"246":{"start":{"line":595,"column":8},"end":{"line":595,"column":24}},"247":{"start":{"line":596,"column":8},"end":{"line":596,"column":28397}},"248":{"start":{"line":597,"column":12},"end":{"line":597,"column":56}},"249":{"start":{"line":599,"column":12},"end":{"line":599,"column":33}},"250":{"start":{"line":602,"column":8},"end":{"line":602,"column":28584}},"251":{"start":{"line":603,"column":12},"end":{"line":603,"column":46}},"252":{"start":{"line":604,"column":12},"end":{"line":604,"column":28700}},"253":{"start":{"line":605,"column":16},"end":{"line":605,"column":31}},"254":{"start":{"line":608,"column":8},"end":{"line":608,"column":52}},"255":{"start":{"line":609,"column":8},"end":{"line":609,"column":25}},"256":{"start":{"line":613,"column":8},"end":{"line":613,"column":28959}},"257":{"start":{"line":614,"column":12},"end":{"line":614,"column":77}},"258":{"start":{"line":616,"column":12},"end":{"line":616,"column":73}},"259":{"start":{"line":621,"column":8},"end":{"line":621,"column":44}},"260":{"start":{"line":625,"column":8},"end":{"line":625,"column":43}},"261":{"start":{"line":629,"column":8},"end":{"line":629,"column":42}},"262":{"start":{"line":633,"column":8},"end":{"line":633,"column":42}},"263":{"start":{"line":637,"column":8},"end":{"line":637,"column":77}},"264":{"start":{"line":642,"column":8},"end":{"line":642,"column":86}},"265":{"start":{"line":643,"column":8},"end":{"line":643,"column":30210}},"266":{"start":{"line":644,"column":12},"end":{"line":644,"column":30270}},"267":{"start":{"line":645,"column":16},"end":{"line":645,"column":62}},"268":{"start":{"line":652,"column":8},"end":{"line":652,"column":39}},"269":{"start":{"line":657,"column":8},"end":{"line":657,"column":81}},"270":{"start":{"line":658,"column":8},"end":{"line":658,"column":30788}},"271":{"start":{"line":659,"column":12},"end":{"line":659,"column":60}},"272":{"start":{"line":663,"column":8},"end":{"line":663,"column":35}},"273":{"start":{"line":667,"column":8},"end":{"line":667,"column":59}},"274":{"start":{"line":671,"column":8},"end":{"line":671,"column":38}},"275":{"start":{"line":675,"column":8},"end":{"line":675,"column":42}},"276":{"start":{"line":679,"column":8},"end":{"line":679,"column":40}},"277":{"start":{"line":683,"column":8},"end":{"line":683,"column":33}},"278":{"start":{"line":687,"column":8},"end":{"line":687,"column":37}}},"branchMap":{"1":{"line":133,"type":"if","locations":[{"start":{"line":133,"column":8},"end":{"line":133,"column":8}},{"start":{"line":133,"column":8},"end":{"line":133,"column":8}}]},"2":{"line":138,"type":"if","locations":[{"start":{"line":138,"column":8},"end":{"line":138,"column":8}},{"start":{"line":138,"column":8},"end":{"line":138,"column":8}}]},"3":{"line":143,"type":"if","locations":[{"start":{"line":143,"column":8},"end":{"line":143,"column":8}},{"start":{"line":143,"column":8},"end":{"line":143,"column":8}}]},"4":{"line":148,"type":"if","locations":[{"start":{"line":148,"column":8},"end":{"line":148,"column":8}},{"start":{"line":148,"column":8},"end":{"line":148,"column":8}}]},"5":{"line":157,"type":"if","locations":[{"start":{"line":157,"column":8},"end":{"line":157,"column":8}},{"start":{"line":157,"column":8},"end":{"line":157,"column":8}}]},"6":{"line":239,"type":"if","locations":[{"start":{"line":239,"column":8},"end":{"line":239,"column":8}},{"start":{"line":239,"column":8},"end":{"line":239,"column":8}}]},"7":{"line":271,"type":"if","locations":[{"start":{"line":271,"column":8},"end":{"line":271,"column":8}},{"start":{"line":271,"column":8},"end":{"line":271,"column":8}}]},"8":{"line":272,"type":"if","locations":[{"start":{"line":272,"column":8},"end":{"line":272,"column":8}},{"start":{"line":272,"column":8},"end":{"line":272,"column":8}}]},"9":{"line":273,"type":"if","locations":[{"start":{"line":273,"column":8},"end":{"line":273,"column":8}},{"start":{"line":273,"column":8},"end":{"line":273,"column":8}}]},"10":{"line":282,"type":"if","locations":[{"start":{"line":282,"column":8},"end":{"line":282,"column":8}},{"start":{"line":282,"column":8},"end":{"line":282,"column":8}}]},"11":{"line":295,"type":"if","locations":[{"start":{"line":295,"column":8},"end":{"line":295,"column":8}},{"start":{"line":295,"column":8},"end":{"line":295,"column":8}}]},"12":{"line":296,"type":"if","locations":[{"start":{"line":296,"column":8},"end":{"line":296,"column":8}},{"start":{"line":296,"column":8},"end":{"line":296,"column":8}}]},"13":{"line":305,"type":"if","locations":[{"start":{"line":305,"column":8},"end":{"line":305,"column":8}},{"start":{"line":305,"column":8},"end":{"line":305,"column":8}}]},"14":{"line":306,"type":"if","locations":[{"start":{"line":306,"column":8},"end":{"line":306,"column":8}},{"start":{"line":306,"column":8},"end":{"line":306,"column":8}}]},"15":{"line":308,"type":"if","locations":[{"start":{"line":308,"column":8},"end":{"line":308,"column":8}},{"start":{"line":308,"column":8},"end":{"line":308,"column":8}}]},"16":{"line":317,"type":"if","locations":[{"start":{"line":317,"column":8},"end":{"line":317,"column":8}},{"start":{"line":317,"column":8},"end":{"line":317,"column":8}}]},"17":{"line":321,"type":"if","locations":[{"start":{"line":321,"column":8},"end":{"line":321,"column":8}},{"start":{"line":321,"column":8},"end":{"line":321,"column":8}}]},"18":{"line":327,"type":"if","locations":[{"start":{"line":327,"column":8},"end":{"line":327,"column":8}},{"start":{"line":327,"column":8},"end":{"line":327,"column":8}}]},"19":{"line":330,"type":"if","locations":[{"start":{"line":330,"column":8},"end":{"line":330,"column":8}},{"start":{"line":330,"column":8},"end":{"line":330,"column":8}}]},"20":{"line":360,"type":"if","locations":[{"start":{"line":360,"column":8},"end":{"line":360,"column":8}},{"start":{"line":360,"column":8},"end":{"line":360,"column":8}}]},"21":{"line":363,"type":"if","locations":[{"start":{"line":363,"column":12},"end":{"line":363,"column":12}},{"start":{"line":363,"column":12},"end":{"line":363,"column":12}}]},"22":{"line":424,"type":"if","locations":[{"start":{"line":424,"column":12},"end":{"line":424,"column":12}},{"start":{"line":424,"column":12},"end":{"line":424,"column":12}}]},"23":{"line":425,"type":"if","locations":[{"start":{"line":425,"column":16},"end":{"line":425,"column":16}},{"start":{"line":425,"column":16},"end":{"line":425,"column":16}}]},"24":{"line":426,"type":"if","locations":[{"start":{"line":426,"column":20},"end":{"line":426,"column":20}},{"start":{"line":426,"column":20},"end":{"line":426,"column":20}}]},"25":{"line":429,"type":"if","locations":[{"start":{"line":429,"column":24},"end":{"line":429,"column":24}},{"start":{"line":429,"column":24},"end":{"line":429,"column":24}}]},"26":{"line":437,"type":"if","locations":[{"start":{"line":437,"column":20},"end":{"line":437,"column":20}},{"start":{"line":437,"column":20},"end":{"line":437,"column":20}}]},"27":{"line":447,"type":"if","locations":[{"start":{"line":447,"column":8},"end":{"line":447,"column":8}},{"start":{"line":447,"column":8},"end":{"line":447,"column":8}}]},"28":{"line":457,"type":"if","locations":[{"start":{"line":457,"column":8},"end":{"line":457,"column":8}},{"start":{"line":457,"column":8},"end":{"line":457,"column":8}}]},"29":{"line":466,"type":"if","locations":[{"start":{"line":466,"column":8},"end":{"line":466,"column":8}},{"start":{"line":466,"column":8},"end":{"line":466,"column":8}}]},"30":{"line":475,"type":"if","locations":[{"start":{"line":475,"column":12},"end":{"line":475,"column":12}},{"start":{"line":475,"column":12},"end":{"line":475,"column":12}}]},"31":{"line":476,"type":"if","locations":[{"start":{"line":476,"column":16},"end":{"line":476,"column":16}},{"start":{"line":476,"column":16},"end":{"line":476,"column":16}}]},"32":{"line":494,"type":"if","locations":[{"start":{"line":494,"column":8},"end":{"line":494,"column":8}},{"start":{"line":494,"column":8},"end":{"line":494,"column":8}}]},"33":{"line":497,"type":"if","locations":[{"start":{"line":497,"column":8},"end":{"line":497,"column":8}},{"start":{"line":497,"column":8},"end":{"line":497,"column":8}}]},"34":{"line":501,"type":"if","locations":[{"start":{"line":501,"column":12},"end":{"line":501,"column":12}},{"start":{"line":501,"column":12},"end":{"line":501,"column":12}}]},"35":{"line":509,"type":"if","locations":[{"start":{"line":509,"column":8},"end":{"line":509,"column":8}},{"start":{"line":509,"column":8},"end":{"line":509,"column":8}}]},"36":{"line":515,"type":"if","locations":[{"start":{"line":515,"column":16},"end":{"line":515,"column":16}},{"start":{"line":515,"column":16},"end":{"line":515,"column":16}}]},"37":{"line":521,"type":"if","locations":[{"start":{"line":521,"column":12},"end":{"line":521,"column":12}},{"start":{"line":521,"column":12},"end":{"line":521,"column":12}}]},"38":{"line":530,"type":"if","locations":[{"start":{"line":530,"column":8},"end":{"line":530,"column":8}},{"start":{"line":530,"column":8},"end":{"line":530,"column":8}}]},"39":{"line":534,"type":"if","locations":[{"start":{"line":534,"column":8},"end":{"line":534,"column":8}},{"start":{"line":534,"column":8},"end":{"line":534,"column":8}}]},"40":{"line":535,"type":"if","locations":[{"start":{"line":535,"column":8},"end":{"line":535,"column":8}},{"start":{"line":535,"column":8},"end":{"line":535,"column":8}}]},"41":{"line":536,"type":"if","locations":[{"start":{"line":536,"column":8},"end":{"line":536,"column":8}},{"start":{"line":536,"column":8},"end":{"line":536,"column":8}}]},"42":{"line":542,"type":"if","locations":[{"start":{"line":542,"column":8},"end":{"line":542,"column":8}},{"start":{"line":542,"column":8},"end":{"line":542,"column":8}}]},"43":{"line":554,"type":"if","locations":[{"start":{"line":554,"column":8},"end":{"line":554,"column":8}},{"start":{"line":554,"column":8},"end":{"line":554,"column":8}}]},"44":{"line":562,"type":"if","locations":[{"start":{"line":562,"column":12},"end":{"line":562,"column":12}},{"start":{"line":562,"column":12},"end":{"line":562,"column":12}}]},"45":{"line":583,"type":"if","locations":[{"start":{"line":583,"column":12},"end":{"line":583,"column":12}},{"start":{"line":583,"column":12},"end":{"line":583,"column":12}}]},"46":{"line":596,"type":"if","locations":[{"start":{"line":596,"column":8},"end":{"line":596,"column":8}},{"start":{"line":596,"column":8},"end":{"line":596,"column":8}}]},"47":{"line":604,"type":"if","locations":[{"start":{"line":604,"column":12},"end":{"line":604,"column":12}},{"start":{"line":604,"column":12},"end":{"line":604,"column":12}}]},"48":{"line":613,"type":"if","locations":[{"start":{"line":613,"column":8},"end":{"line":613,"column":8}},{"start":{"line":613,"column":8},"end":{"line":613,"column":8}}]},"49":{"line":642,"type":"if","locations":[{"start":{"line":642,"column":8},"end":{"line":642,"column":8}},{"start":{"line":642,"column":8},"end":{"line":642,"column":8}}]},"50":{"line":644,"type":"if","locations":[{"start":{"line":644,"column":12},"end":{"line":644,"column":12}},{"start":{"line":644,"column":12},"end":{"line":644,"column":12}}]},"51":{"line":657,"type":"if","locations":[{"start":{"line":657,"column":8},"end":{"line":657,"column":8}},{"start":{"line":657,"column":8},"end":{"line":657,"column":8}}]}}},"contracts/IBG.sol":{"l":{"48":0,"49":0,"53":0,"54":0,"55":0,"56":0,"57":0,"58":0,"59":0,"60":0,"62":0,"64":0,"65":0,"67":0,"68":0,"70":0,"71":0,"72":0,"73":0,"74":0,"75":0,"76":0,"78":0,"83":0,"84":0,"86":0,"87":0,"92":0,"96":0,"97":0,"99":0,"103":0,"104":0,"105":0,"106":0,"108":0,"109":0,"111":0,"112":0,"113":0,"114":0,"115":0,"117":0,"118":0,"121":0,"122":0,"123":0,"124":0,"126":0,"128":0,"141":0,"142":0,"143":0,"144":0,"146":0,"147":0,"148":0,"151":0,"152":0,"153":0,"154":0,"156":0,"157":0,"158":0,"160":0,"161":0,"162":0,"163":0,"165":0,"166":0,"167":0,"168":0,"171":0,"172":0,"177":0,"178":0,"179":0,"181":0,"183":0,"187":0,"188":0,"192":0,"193":0},"path":"/home/user/ibg/contracts/IBG.sol","s":{"1":0,"2":0,"3":0,"4":0,"5":0,"6":0,"7":0,"8":0,"9":0,"10":0,"11":0,"12":0,"13":0,"14":0,"15":0,"16":0,"17":0,"18":0,"19":0,"20":0,"21":0,"22":0,"23":0,"24":0,"25":0,"26":0,"27":0,"28":0,"29":0,"30":0,"31":0,"32":0,"33":0,"34":0,"35":0,"36":0,"37":0,"38":0,"39":0,"40":0,"41":0,"42":0,"43":0,"44":0,"45":0,"46":0,"47":0,"48":0,"49":0,"50":0,"51":0,"52":0,"53":0,"54":0,"55":0,"56":0,"57":0,"58":0,"59":0,"60":0,"61":0,"62":0,"63":0,"64":0,"65":0,"66":0,"67":0,"68":0,"69":0,"70":0,"71":0,"72":0,"73":0,"74":0,"75":0,"76":0,"77":0,"78":0,"79":0,"80":0},"b":{"1":[0,0],"2":[0,0],"3":[0,0],"4":[0,0],"5":[0,0],"6":[0,0],"7":[0,0],"8":[0,0],"9":[0,0],"10":[0,0]},"f":{"1":0,"2":0,"3":0,"4":0,"5":0,"6":0,"7":0,"8":0,"9":0},"fnMap":{"1":{"name":"onlyGovernance","line":47,"loc":{"start":{"line":47,"column":4},"end":{"line":50,"column":4}}},"2":{"name":"initialize","line":52,"loc":{"start":{"line":52,"column":4},"end":{"line":79,"column":4}}},"3":{"name":"setPackagePercentage","line":82,"loc":{"start":{"line":82,"column":4},"end":{"line":89,"column":4}}},"4":{"name":"register","line":91,"loc":{"start":{"line":91,"column":4},"end":{"line":93,"column":4}}},"5":{"name":"_register","line":95,"loc":{"start":{"line":95,"column":4},"end":{"line":130,"column":4}}},"6":{"name":"_directReferralIncome","line":140,"loc":{"start":{"line":140,"column":4},"end":{"line":174,"column":4}}},"7":{"name":"getEligibleReceiver","line":176,"loc":{"start":{"line":176,"column":4},"end":{"line":184,"column":4}}},"8":{"name":"setIBGRate","line":186,"loc":{"start":{"line":186,"column":4},"end":{"line":189,"column":4}}},"9":{"name":"setBGBTCRate","line":191,"loc":{"start":{"line":191,"column":4},"end":{"line":194,"column":4}}}},"statementMap":{"1":{"start":{"line":48,"column":8},"end":{"line":48,"column":55}},"2":{"start":{"line":53,"column":8},"end":{"line":53,"column":45}},"3":{"start":{"line":54,"column":8},"end":{"line":54,"column":26}},"4":{"start":{"line":55,"column":8},"end":{"line":55,"column":29}},"5":{"start":{"line":56,"column":8},"end":{"line":56,"column":27}},"6":{"start":{"line":57,"column":8},"end":{"line":57,"column":25}},"7":{"start":{"line":58,"column":8},"end":{"line":58,"column":23}},"8":{"start":{"line":59,"column":8},"end":{"line":59,"column":36}},"9":{"start":{"line":60,"column":8},"end":{"line":60,"column":48}},"10":{"start":{"line":62,"column":8},"end":{"line":62,"column":41}},"11":{"start":{"line":64,"column":8},"end":{"line":64,"column":25}},"12":{"start":{"line":65,"column":8},"end":{"line":65,"column":26}},"13":{"start":{"line":67,"column":8},"end":{"line":67,"column":37}},"14":{"start":{"line":68,"column":8},"end":{"line":68,"column":39}},"15":{"start":{"line":70,"column":8},"end":{"line":70,"column":40}},"16":{"start":{"line":71,"column":8},"end":{"line":71,"column":42}},"17":{"start":{"line":72,"column":8},"end":{"line":72,"column":43}},"18":{"start":{"line":73,"column":8},"end":{"line":73,"column":44}},"19":{"start":{"line":74,"column":8},"end":{"line":74,"column":44}},"20":{"start":{"line":75,"column":8},"end":{"line":75,"column":44}},"21":{"start":{"line":76,"column":8},"end":{"line":76,"column":45}},"22":{"start":{"line":78,"column":8},"end":{"line":78,"column":64}},"23":{"start":{"line":83,"column":8},"end":{"line":83,"column":2748}},"24":{"start":{"line":84,"column":12},"end":{"line":84,"column":33}},"25":{"start":{"line":86,"column":8},"end":{"line":86,"column":2881}},"26":{"start":{"line":87,"column":12},"end":{"line":87,"column":34}},"27":{"start":{"line":92,"column":8},"end":{"line":92,"column":53}},"28":{"start":{"line":96,"column":8},"end":{"line":96,"column":59}},"29":{"start":{"line":97,"column":8},"end":{"line":97,"column":37}},"30":{"start":{"line":99,"column":8},"end":{"line":99,"column":82}},"31":{"start":{"line":103,"column":8},"end":{"line":103,"column":33}},"32":{"start":{"line":104,"column":8},"end":{"line":104,"column":40}},"33":{"start":{"line":105,"column":8},"end":{"line":105,"column":45}},"34":{"start":{"line":106,"column":8},"end":{"line":106,"column":42}},"35":{"start":{"line":109,"column":8},"end":{"line":109,"column":60}},"36":{"start":{"line":111,"column":8},"end":{"line":111,"column":3829}},"37":{"start":{"line":112,"column":12},"end":{"line":112,"column":61}},"38":{"start":{"line":113,"column":12},"end":{"line":113,"column":58}},"39":{"start":{"line":114,"column":12},"end":{"line":114,"column":99}},"40":{"start":{"line":115,"column":12},"end":{"line":115,"column":69}},"41":{"start":{"line":117,"column":12},"end":{"line":117,"column":80}},"42":{"start":{"line":118,"column":12},"end":{"line":118,"column":72}},"43":{"start":{"line":121,"column":8},"end":{"line":121,"column":4382}},"44":{"start":{"line":122,"column":12},"end":{"line":122,"column":61}},"45":{"start":{"line":123,"column":12},"end":{"line":123,"column":61}},"46":{"start":{"line":124,"column":12},"end":{"line":124,"column":105}},"47":{"start":{"line":126,"column":12},"end":{"line":126,"column":80}},"48":{"start":{"line":128,"column":12},"end":{"line":128,"column":81}},"49":{"start":{"line":141,"column":8},"end":{"line":141,"column":22}},"50":{"start":{"line":142,"column":8},"end":{"line":142,"column":5366}},"51":{"start":{"line":143,"column":12},"end":{"line":143,"column":79}},"52":{"start":{"line":144,"column":12},"end":{"line":144,"column":5483}},"53":{"start":{"line":146,"column":16},"end":{"line":146,"column":74}},"54":{"start":{"line":147,"column":16},"end":{"line":147,"column":102}},"55":{"start":{"line":148,"column":16},"end":{"line":148,"column":77}},"56":{"start":{"line":151,"column":20},"end":{"line":151,"column":5902}},"57":{"start":{"line":152,"column":24},"end":{"line":152,"column":84}},"58":{"start":{"line":153,"column":24},"end":{"line":153,"column":114}},"59":{"start":{"line":154,"column":24},"end":{"line":154,"column":85}},"60":{"start":{"line":156,"column":24},"end":{"line":156,"column":119}},"61":{"start":{"line":157,"column":24},"end":{"line":157,"column":90}},"62":{"start":{"line":158,"column":24},"end":{"line":158,"column":87}},"63":{"start":{"line":160,"column":24},"end":{"line":160,"column":117}},"64":{"start":{"line":161,"column":24},"end":{"line":161,"column":65}},"65":{"start":{"line":162,"column":24},"end":{"line":162,"column":98}},"66":{"start":{"line":163,"column":24},"end":{"line":163,"column":94}},"67":{"start":{"line":165,"column":24},"end":{"line":165,"column":84}},"68":{"start":{"line":166,"column":24},"end":{"line":166,"column":91}},"69":{"start":{"line":167,"column":24},"end":{"line":167,"column":106}},"70":{"start":{"line":168,"column":24},"end":{"line":168,"column":85}},"71":{"start":{"line":171,"column":12},"end":{"line":171,"column":48}},"72":{"start":{"line":177,"column":8},"end":{"line":177,"column":7550}},"73":{"start":{"line":178,"column":12},"end":{"line":178,"column":7599}},"74":{"start":{"line":179,"column":16},"end":{"line":179,"column":31}},"75":{"start":{"line":181,"column":12},"end":{"line":181,"column":46}},"76":{"start":{"line":183,"column":12},"end":{"line":183,"column":27}},"77":{"start":{"line":187,"column":8},"end":{"line":187,"column":24}},"78":{"start":{"line":188,"column":8},"end":{"line":188,"column":24}},"79":{"start":{"line":192,"column":8},"end":{"line":192,"column":26}},"80":{"start":{"line":193,"column":8},"end":{"line":193,"column":26}}},"branchMap":{"1":{"line":48,"type":"if","locations":[{"start":{"line":48,"column":8},"end":{"line":48,"column":8}},{"start":{"line":48,"column":8},"end":{"line":48,"column":8}}]},"2":{"line":53,"type":"if","locations":[{"start":{"line":53,"column":8},"end":{"line":53,"column":8}},{"start":{"line":53,"column":8},"end":{"line":53,"column":8}}]},"3":{"line":83,"type":"if","locations":[{"start":{"line":83,"column":8},"end":{"line":83,"column":8}},{"start":{"line":83,"column":8},"end":{"line":83,"column":8}}]},"4":{"line":86,"type":"if","locations":[{"start":{"line":86,"column":8},"end":{"line":86,"column":8}},{"start":{"line":86,"column":8},"end":{"line":86,"column":8}}]},"5":{"line":96,"type":"if","locations":[{"start":{"line":96,"column":8},"end":{"line":96,"column":8}},{"start":{"line":96,"column":8},"end":{"line":96,"column":8}}]},"6":{"line":111,"type":"if","locations":[{"start":{"line":111,"column":8},"end":{"line":111,"column":8}},{"start":{"line":111,"column":8},"end":{"line":111,"column":8}}]},"7":{"line":121,"type":"if","locations":[{"start":{"line":121,"column":8},"end":{"line":121,"column":8}},{"start":{"line":121,"column":8},"end":{"line":121,"column":8}}]},"8":{"line":144,"type":"if","locations":[{"start":{"line":144,"column":12},"end":{"line":144,"column":12}},{"start":{"line":144,"column":12},"end":{"line":144,"column":12}}]},"9":{"line":151,"type":"if","locations":[{"start":{"line":151,"column":20},"end":{"line":151,"column":20}},{"start":{"line":151,"column":20},"end":{"line":151,"column":20}}]},"10":{"line":178,"type":"if","locations":[{"start":{"line":178,"column":12},"end":{"line":178,"column":12}},{"start":{"line":178,"column":12},"end":{"line":178,"column":12}}]}}},"contracts/interfaces/IDaisyOld.sol":{"l":{},"path":"/home/user/ibg/contracts/interfaces/IDaisyOld.sol","s":{},"b":{},"f":{},"fnMap":{},"statementMap":{},"branchMap":{}},"contracts/interfaces/IQuorumGovernance.sol":{"l":{},"path":"/home/user/ibg/contracts/interfaces/IQuorumGovernance.sol","s":{},"b":{},"f":{},"fnMap":{},"statementMap":{},"branchMap":{}},"contracts/libraries/Math.sol":{"l":{"7":0},"path":"/home/user/ibg/contracts/libraries/Math.sol","s":{"1":0},"b":{},"f":{"1":0},"fnMap":{"1":{"name":"min","line":6,"loc":{"start":{"line":6,"column":4},"end":{"line":8,"column":4}}}},"statementMap":{"1":{"start":{"line":7,"column":8},"end":{"line":7,"column":24}}},"branchMap":{}},"contracts/libraries/NodeLibrary.sol":{"l":{"16":0},"path":"/home/user/ibg/contracts/libraries/NodeLibrary.sol","s":{"1":0},"b":{},"f":{"1":0},"fnMap":{"1":{"name":"exists","line":15,"loc":{"start":{"line":15,"column":4},"end":{"line":17,"column":4}}}},"statementMap":{"1":{"start":{"line":16,"column":8},"end":{"line":16,"column":29}}},"branchMap":{}},"contracts/libraries/ProposalLibrary.sol":{"l":{"26":0,"30":0,"34":0,"38":0,"42":0,"46":0,"47":0,"48":0,"53":0,"54":0,"55":0,"56":0,"59":0},"path":"/home/user/ibg/contracts/libraries/ProposalLibrary.sol","s":{"1":0,"2":0,"3":0,"4":0,"5":0,"6":0,"7":0,"8":0,"9":0,"10":0,"11":0,"12":0},"b":{"1":[0,0]},"f":{"1":0,"2":0,"3":0,"4":0,"5":0,"6":0,"7":0},"fnMap":{"1":{"name":"voteNone","line":25,"loc":{"start":{"line":25,"column":4},"end":{"line":27,"column":4}}},"2":{"name":"voteFor","line":29,"loc":{"start":{"line":29,"column":4},"end":{"line":31,"column":4}}},"3":{"name":"voteAgainst","line":33,"loc":{"start":{"line":33,"column":4},"end":{"line":35,"column":4}}},"4":{"name":"exists","line":37,"loc":{"start":{"line":37,"column":4},"end":{"line":39,"column":4}}},"5":{"name":"isActive","line":41,"loc":{"start":{"line":41,"column":4},"end":{"line":43,"column":4}}},"6":{"name":"clear","line":45,"loc":{"start":{"line":45,"column":4},"end":{"line":50,"column":4}}},"7":{"name":"reachedQuorum","line":52,"loc":{"start":{"line":52,"column":4},"end":{"line":60,"column":4}}}},"statementMap":{"1":{"start":{"line":26,"column":8},"end":{"line":26,"column":24}},"2":{"start":{"line":30,"column":8},"end":{"line":30,"column":23}},"3":{"start":{"line":34,"column":8},"end":{"line":34,"column":27}},"4":{"start":{"line":38,"column":8},"end":{"line":38,"column":38}},"5":{"start":{"line":42,"column":8},"end":{"line":42,"column":48}},"6":{"start":{"line":46,"column":8},"end":{"line":46,"column":1115}},"7":{"start":{"line":48,"column":12},"end":{"line":48,"column":28}},"8":{"start":{"line":53,"column":8},"end":{"line":53,"column":18}},"9":{"start":{"line":54,"column":8},"end":{"line":54,"column":1415}},"10":{"start":{"line":55,"column":12},"end":{"line":55,"column":1473}},"11":{"start":{"line":56,"column":16},"end":{"line":56,"column":35}},"12":{"start":{"line":59,"column":8},"end":{"line":59,"column":53}}},"branchMap":{"1":{"line":55,"type":"if","locations":[{"start":{"line":55,"column":12},"end":{"line":55,"column":12}},{"start":{"line":55,"column":12},"end":{"line":55,"column":12}}]}}},"contracts/libraries/TierLibrary.sol":{"l":{"23":0},"path":"/home/user/ibg/contracts/libraries/TierLibrary.sol","s":{"1":0},"b":{},"f":{"1":0},"fnMap":{"1":{"name":"exists","line":22,"loc":{"start":{"line":22,"column":4},"end":{"line":24,"column":4}}}},"statementMap":{"1":{"start":{"line":23,"column":8},"end":{"line":23,"column":30}}},"branchMap":{}},"contracts/libraries/TransferHelper.sol":{"l":{"9":0,"10":0,"15":0,"16":0,"21":0,"22":0,"26":0,"27":0},"path":"/home/user/ibg/contracts/libraries/TransferHelper.sol","s":{"1":0,"2":0,"3":0,"4":0,"5":0,"6":0,"7":0,"8":0},"b":{"1":[0,0],"2":[0,0],"3":[0,0],"4":[0,0]},"f":{"1":0,"2":0,"3":0,"4":0},"fnMap":{"1":{"name":"safeApprove","line":7,"loc":{"start":{"line":7,"column":4},"end":{"line":11,"column":4}}},"2":{"name":"safeTransfer","line":13,"loc":{"start":{"line":13,"column":4},"end":{"line":17,"column":4}}},"3":{"name":"safeTransferFrom","line":19,"loc":{"start":{"line":19,"column":4},"end":{"line":23,"column":4}}},"4":{"name":"safeTransferETH","line":25,"loc":{"start":{"line":25,"column":4},"end":{"line":28,"column":4}}}},"statementMap":{"1":{"start":{"line":9,"column":8},"end":{"line":9,"column":101}},"2":{"start":{"line":10,"column":8},"end":{"line":10,"column":107}},"3":{"start":{"line":15,"column":8},"end":{"line":15,"column":101}},"4":{"start":{"line":16,"column":8},"end":{"line":16,"column":108}},"5":{"start":{"line":21,"column":8},"end":{"line":21,"column":107}},"6":{"start":{"line":22,"column":8},"end":{"line":22,"column":113}},"7":{"start":{"line":26,"column":8},"end":{"line":26,"column":60}},"8":{"start":{"line":27,"column":8},"end":{"line":27,"column":62}}},"branchMap":{"1":{"line":10,"type":"if","locations":[{"start":{"line":10,"column":8},"end":{"line":10,"column":8}},{"start":{"line":10,"column":8},"end":{"line":10,"column":8}}]},"2":{"line":16,"type":"if","locations":[{"start":{"line":16,"column":8},"end":{"line":16,"column":8}},{"start":{"line":16,"column":8},"end":{"line":16,"column":8}}]},"3":{"line":22,"type":"if","locations":[{"start":{"line":22,"column":8},"end":{"line":22,"column":8}},{"start":{"line":22,"column":8},"end":{"line":22,"column":8}}]},"4":{"line":27,"type":"if","locations":[{"start":{"line":27,"column":8},"end":{"line":27,"column":8}},{"start":{"line":27,"column":8},"end":{"line":27,"column":8}}]}}},"contracts/libraries/TreeLibrary.sol":{"l":{"34":0,"35":0,"36":0,"47":0,"48":0,"49":0,"50":0,"51":0,"52":0,"53":0,"55":0,"56":0,"57":0,"59":0,"67":0,"68":0,"70":0,"78":0,"80":0,"81":0,"82":0,"83":0,"84":0,"85":0,"86":0,"87":0,"89":0,"93":0,"94":0,"95":0,"96":0,"97":0,"100":0,"102":0,"103":0,"111":0,"112":0,"113":0,"114":0,"115":0,"125":0,"126":0,"127":0,"130":0,"131":0,"138":0,"139":0,"140":0,"141":0,"143":0,"144":0,"146":0,"153":0,"154":0,"155":0,"156":0,"158":0,"166":0,"167":0,"168":0,"169":0,"171":0,"172":0,"174":0,"176":0,"179":0},"path":"/home/user/ibg/contracts/libraries/TreeLibrary.sol","s":{"1":0,"2":0,"3":0,"4":0,"5":0,"6":0,"7":0,"8":0,"9":0,"10":0,"11":0,"12":0,"13":0,"14":0,"15":0,"16":0,"17":0,"18":0,"19":0,"20":0,"21":0,"22":0,"23":0,"24":0,"25":0,"26":0,"27":0,"28":0,"29":0,"30":0,"31":0,"32":0,"33":0,"34":0,"35":0,"36":0,"37":0,"38":0,"39":0,"40":0,"41":0,"42":0,"43":0,"44":0,"45":0,"46":0,"47":0,"48":0,"49":0,"50":0,"51":0,"52":0,"53":0,"54":0,"55":0,"56":0,"57":0,"58":0,"59":0,"60":0,"61":0,"62":0,"63":0,"64":0},"b":{"1":[0,0],"2":[0,0],"3":[0,0],"4":[0,0],"5":[0,0],"6":[0,0],"7":[0,0],"8":[0,0],"9":[0,0],"10":[0,0],"11":[0,0],"12":[0,0],"13":[0,0],"14":[0,0]},"f":{"1":0,"2":0,"3":0,"4":0,"5":0,"6":0,"7":0,"8":0},"fnMap":{"1":{"name":"insertWithPrincipalParentId","line":28,"loc":{"start":{"line":28,"column":4},"end":{"line":38,"column":4}}},"2":{"name":"insert","line":46,"loc":{"start":{"line":46,"column":4},"end":{"line":61,"column":4}}},"3":{"name":"repair","line":66,"loc":{"start":{"line":66,"column":4},"end":{"line":71,"column":4}}},"4":{"name":"_insert","line":77,"loc":{"start":{"line":77,"column":4},"end":{"line":105,"column":4}}},"5":{"name":"_walkUpline","line":110,"loc":{"start":{"line":110,"column":4},"end":{"line":132,"column":4}}},"6":{"name":"_leastScoredChildPosition","line":137,"loc":{"start":{"line":137,"column":4},"end":{"line":147,"column":4}}},"7":{"name":"_minScore","line":152,"loc":{"start":{"line":152,"column":4},"end":{"line":159,"column":4}}},"8":{"name":"_newMinScore","line":165,"loc":{"start":{"line":165,"column":4},"end":{"line":180,"column":4}}}},"statementMap":{"1":{"start":{"line":34,"column":8},"end":{"line":34,"column":47}},"2":{"start":{"line":35,"column":8},"end":{"line":35,"column":1260}},"3":{"start":{"line":36,"column":12},"end":{"line":36,"column":69}},"4":{"start":{"line":47,"column":8},"end":{"line":47,"column":58}},"5":{"start":{"line":48,"column":8},"end":{"line":48,"column":69}},"6":{"start":{"line":49,"column":8},"end":{"line":49,"column":2188}},"7":{"start":{"line":50,"column":12},"end":{"line":50,"column":61}},"8":{"start":{"line":51,"column":12},"end":{"line":51,"column":41}},"9":{"start":{"line":52,"column":12},"end":{"line":52,"column":34}},"10":{"start":{"line":53,"column":12},"end":{"line":53,"column":29}},"11":{"start":{"line":55,"column":12},"end":{"line":55,"column":71}},"12":{"start":{"line":56,"column":12},"end":{"line":56,"column":2496}},"13":{"start":{"line":57,"column":16},"end":{"line":57,"column":33}},"14":{"start":{"line":59,"column":12},"end":{"line":59,"column":49}},"15":{"start":{"line":67,"column":8},"end":{"line":67,"column":2892}},"16":{"start":{"line":68,"column":12},"end":{"line":68,"column":57}},"17":{"start":{"line":70,"column":8},"end":{"line":70,"column":19}},"18":{"start":{"line":78,"column":8},"end":{"line":78,"column":53}},"19":{"start":{"line":80,"column":8},"end":{"line":80,"column":30}},"20":{"start":{"line":81,"column":8},"end":{"line":81,"column":21}},"21":{"start":{"line":82,"column":8},"end":{"line":82,"column":3544}},"22":{"start":{"line":83,"column":12},"end":{"line":83,"column":71}},"23":{"start":{"line":84,"column":12},"end":{"line":84,"column":61}},"24":{"start":{"line":85,"column":12},"end":{"line":85,"column":66}},"25":{"start":{"line":86,"column":12},"end":{"line":86,"column":3781}},"26":{"start":{"line":89,"column":12},"end":{"line":89,"column":25}},"27":{"start":{"line":93,"column":8},"end":{"line":93,"column":55}},"28":{"start":{"line":94,"column":8},"end":{"line":94,"column":43}},"29":{"start":{"line":95,"column":8},"end":{"line":95,"column":37}},"30":{"start":{"line":96,"column":8},"end":{"line":96,"column":85}},"31":{"start":{"line":97,"column":8},"end":{"line":97,"column":25}},"32":{"start":{"line":100,"column":8},"end":{"line":100,"column":49}},"33":{"start":{"line":102,"column":8},"end":{"line":102,"column":4345}},"34":{"start":{"line":103,"column":12},"end":{"line":103,"column":55}},"35":{"start":{"line":111,"column":8},"end":{"line":111,"column":37}},"36":{"start":{"line":112,"column":8},"end":{"line":112,"column":28}},"37":{"start":{"line":113,"column":8},"end":{"line":113,"column":24}},"38":{"start":{"line":114,"column":8},"end":{"line":114,"column":18}},"39":{"start":{"line":125,"column":8},"end":{"line":125,"column":5374}},"40":{"start":{"line":127,"column":12},"end":{"line":127,"column":23}},"41":{"start":{"line":130,"column":8},"end":{"line":130,"column":33}},"42":{"start":{"line":131,"column":8},"end":{"line":131,"column":20}},"43":{"start":{"line":138,"column":8},"end":{"line":138,"column":64}},"44":{"start":{"line":139,"column":8},"end":{"line":139,"column":62}},"45":{"start":{"line":140,"column":8},"end":{"line":140,"column":62}},"46":{"start":{"line":141,"column":8},"end":{"line":141,"column":62}},"47":{"start":{"line":143,"column":8},"end":{"line":143,"column":6248}},"48":{"start":{"line":144,"column":12},"end":{"line":144,"column":53}},"49":{"start":{"line":146,"column":8},"end":{"line":146,"column":49}},"50":{"start":{"line":153,"column":8},"end":{"line":153,"column":64}},"51":{"start":{"line":154,"column":8},"end":{"line":154,"column":62}},"52":{"start":{"line":155,"column":8},"end":{"line":155,"column":62}},"53":{"start":{"line":156,"column":8},"end":{"line":156,"column":62}},"54":{"start":{"line":158,"column":8},"end":{"line":158,"column":72}},"55":{"start":{"line":166,"column":8},"end":{"line":166,"column":64}},"56":{"start":{"line":167,"column":8},"end":{"line":167,"column":62}},"57":{"start":{"line":168,"column":8},"end":{"line":168,"column":62}},"58":{"start":{"line":169,"column":8},"end":{"line":169,"column":62}},"59":{"start":{"line":171,"column":8},"end":{"line":171,"column":7621}},"60":{"start":{"line":172,"column":12},"end":{"line":172,"column":43}},"61":{"start":{"line":173,"column":15},"end":{"line":173,"column":7721}},"62":{"start":{"line":174,"column":12},"end":{"line":174,"column":43}},"63":{"start":{"line":176,"column":12},"end":{"line":176,"column":43}},"64":{"start":{"line":179,"column":8},"end":{"line":179,"column":72}}},"branchMap":{"1":{"line":35,"type":"if","locations":[{"start":{"line":35,"column":8},"end":{"line":35,"column":8}},{"start":{"line":35,"column":8},"end":{"line":35,"column":8}}]},"2":{"line":47,"type":"if","locations":[{"start":{"line":47,"column":8},"end":{"line":47,"column":8}},{"start":{"line":47,"column":8},"end":{"line":47,"column":8}}]},"3":{"line":48,"type":"if","locations":[{"start":{"line":48,"column":8},"end":{"line":48,"column":8}},{"start":{"line":48,"column":8},"end":{"line":48,"column":8}}]},"4":{"line":49,"type":"if","locations":[{"start":{"line":49,"column":8},"end":{"line":49,"column":8}},{"start":{"line":49,"column":8},"end":{"line":49,"column":8}}]},"5":{"line":50,"type":"if","locations":[{"start":{"line":50,"column":12},"end":{"line":50,"column":12}},{"start":{"line":50,"column":12},"end":{"line":50,"column":12}}]},"6":{"line":55,"type":"if","locations":[{"start":{"line":55,"column":12},"end":{"line":55,"column":12}},{"start":{"line":55,"column":12},"end":{"line":55,"column":12}}]},"7":{"line":56,"type":"if","locations":[{"start":{"line":56,"column":12},"end":{"line":56,"column":12}},{"start":{"line":56,"column":12},"end":{"line":56,"column":12}}]},"8":{"line":67,"type":"if","locations":[{"start":{"line":67,"column":8},"end":{"line":67,"column":8}},{"start":{"line":67,"column":8},"end":{"line":67,"column":8}}]},"9":{"line":86,"type":"if","locations":[{"start":{"line":86,"column":12},"end":{"line":86,"column":12}},{"start":{"line":86,"column":12},"end":{"line":86,"column":12}}]},"10":{"line":102,"type":"if","locations":[{"start":{"line":102,"column":8},"end":{"line":102,"column":8}},{"start":{"line":102,"column":8},"end":{"line":102,"column":8}}]},"11":{"line":125,"type":"if","locations":[{"start":{"line":125,"column":8},"end":{"line":125,"column":8}},{"start":{"line":125,"column":8},"end":{"line":125,"column":8}}]},"12":{"line":143,"type":"if","locations":[{"start":{"line":143,"column":8},"end":{"line":143,"column":8}},{"start":{"line":143,"column":8},"end":{"line":143,"column":8}}]},"13":{"line":171,"type":"if","locations":[{"start":{"line":171,"column":8},"end":{"line":171,"column":8}},{"start":{"line":171,"column":8},"end":{"line":171,"column":8}}]},"14":{"line":173,"type":"if","locations":[{"start":{"line":173,"column":15},"end":{"line":173,"column":15}},{"start":{"line":173,"column":15},"end":{"line":173,"column":15}}]}}},"contracts/QuorumGovernance.sol":{"l":{"25":0,"37":0,"38":0,"39":0,"40":0,"41":0,"43":0,"44":0,"45":0,"46":0,"47":0,"51":0,"52":0,"62":0,"63":0,"64":0,"65":0,"67":0,"68":0,"69":0,"71":0,"72":0,"73":0,"74":0,"75":0,"76":0,"77":0,"78":0,"79":0,"84":0,"85":0,"86":0,"87":0,"88":0,"90":0,"91":0,"95":0,"96":0,"97":0,"98":0,"99":0,"100":0,"101":0,"103":0,"104":0,"105":0,"106":0,"110":0,"114":0,"115":0,"116":0,"120":0,"121":0,"122":0,"123":0,"124":0,"125":0,"126":0,"127":0,"130":0,"134":0,"135":0,"136":0,"138":0,"139":0},"path":"/home/user/ibg/contracts/QuorumGovernance.sol","s":{"1":0,"2":0,"3":0,"4":0,"5":0,"6":0,"7":0,"8":0,"9":0,"10":0,"11":0,"12":0,"13":0,"14":0,"15":0,"16":0,"17":0,"18":0,"19":0,"20":0,"21":0,"22":0,"23":0,"24":0,"25":0,"26":0,"27":0,"28":0,"29":0,"30":0,"31":0,"32":0,"33":0,"34":0,"35":0,"36":0,"37":0,"38":0,"39":0,"40":0,"41":0,"42":0,"43":0,"44":0,"45":0,"46":0,"47":0,"48":0,"49":0,"50":0,"51":0,"52":0,"53":0,"54":0,"55":0,"56":0,"57":0,"58":0,"59":0,"60":0,"61":0,"62":0,"63":0,"64":0},"b":{"1":[0,0],"2":[0,0],"3":[0,0],"4":[0,0],"5":[0,0],"6":[0,0],"7":[0,0],"8":[0,0],"9":[0,0],"10":[0,0],"11":[0,0],"12":[0,0],"13":[0,0],"14":[0,0],"15":[0,0],"16":[0,0],"17":[0,0],"18":[0,0],"19":[0,0]},"f":{"1":0,"2":0,"3":0,"4":0,"5":0,"6":0,"7":0,"8":0,"9":0,"10":0},"fnMap":{"1":{"name":"constructor","line":23,"loc":{"start":{"line":23,"column":4},"end":{"line":26,"column":4}}},"2":{"name":"proposalById","line":28,"loc":{"start":{"line":28,"column":4},"end":{"line":48,"column":4}}},"3":{"name":"setMaxDeadlineBlocks","line":50,"loc":{"start":{"line":50,"column":4},"end":{"line":53,"column":4}}},"4":{"name":"createProposal","line":55,"loc":{"start":{"line":55,"column":4},"end":{"line":80,"column":4}}},"5":{"name":"vote","line":83,"loc":{"start":{"line":83,"column":4},"end":{"line":92,"column":4}}},"6":{"name":"applyProposal","line":94,"loc":{"start":{"line":94,"column":4},"end":{"line":107,"column":4}}},"7":{"name":"totalGovernors","line":109,"loc":{"start":{"line":109,"column":4},"end":{"line":111,"column":4}}},"8":{"name":"addGovernor","line":113,"loc":{"start":{"line":113,"column":4},"end":{"line":117,"column":4}}},"9":{"name":"removeGovernor","line":119,"loc":{"start":{"line":119,"column":4},"end":{"line":131,"column":4}}},"10":{"name":"_addGovernor","line":133,"loc":{"start":{"line":133,"column":4},"end":{"line":140,"column":4}}}},"statementMap":{"1":{"start":{"line":25,"column":8},"end":{"line":25,"column":31}},"2":{"start":{"line":37,"column":8},"end":{"line":37,"column":70}},"3":{"start":{"line":38,"column":8},"end":{"line":38,"column":32}},"4":{"start":{"line":39,"column":8},"end":{"line":39,"column":50}},"5":{"start":{"line":40,"column":8},"end":{"line":40,"column":1421}},"6":{"start":{"line":41,"column":12},"end":{"line":41,"column":87}},"7":{"start":{"line":43,"column":8},"end":{"line":43,"column":48}},"8":{"start":{"line":44,"column":8},"end":{"line":44,"column":30}},"9":{"start":{"line":45,"column":8},"end":{"line":45,"column":37}},"10":{"start":{"line":46,"column":8},"end":{"line":46,"column":46}},"11":{"start":{"line":47,"column":8},"end":{"line":47,"column":34}},"12":{"start":{"line":51,"column":8},"end":{"line":51,"column":74}},"13":{"start":{"line":52,"column":8},"end":{"line":52,"column":45}},"14":{"start":{"line":62,"column":8},"end":{"line":62,"column":69}},"15":{"start":{"line":63,"column":8},"end":{"line":63,"column":120}},"16":{"start":{"line":64,"column":8},"end":{"line":64,"column":57}},"17":{"start":{"line":65,"column":8},"end":{"line":65,"column":56}},"18":{"start":{"line":67,"column":8},"end":{"line":67,"column":73}},"19":{"start":{"line":68,"column":8},"end":{"line":68,"column":2604}},"20":{"start":{"line":69,"column":12},"end":{"line":69,"column":73}},"21":{"start":{"line":71,"column":8},"end":{"line":71,"column":34}},"22":{"start":{"line":72,"column":8},"end":{"line":72,"column":52}},"23":{"start":{"line":73,"column":8},"end":{"line":73,"column":77}},"24":{"start":{"line":74,"column":8},"end":{"line":74,"column":38}},"25":{"start":{"line":75,"column":8},"end":{"line":75,"column":33}},"26":{"start":{"line":76,"column":8},"end":{"line":76,"column":40}},"27":{"start":{"line":77,"column":8},"end":{"line":77,"column":49}},"28":{"start":{"line":78,"column":8},"end":{"line":78,"column":37}},"29":{"start":{"line":79,"column":8},"end":{"line":79,"column":48}},"30":{"start":{"line":84,"column":8},"end":{"line":84,"column":69}},"31":{"start":{"line":85,"column":8},"end":{"line":85,"column":70}},"32":{"start":{"line":86,"column":8},"end":{"line":86,"column":85}},"33":{"start":{"line":87,"column":8},"end":{"line":87,"column":3617}},"34":{"start":{"line":88,"column":12},"end":{"line":88,"column":43}},"35":{"start":{"line":90,"column":8},"end":{"line":90,"column":101}},"36":{"start":{"line":91,"column":8},"end":{"line":91,"column":40}},"37":{"start":{"line":95,"column":8},"end":{"line":95,"column":70}},"38":{"start":{"line":96,"column":8},"end":{"line":96,"column":86}},"39":{"start":{"line":97,"column":8},"end":{"line":97,"column":71}},"40":{"start":{"line":98,"column":8},"end":{"line":98,"column":89}},"41":{"start":{"line":99,"column":8},"end":{"line":99,"column":108}},"42":{"start":{"line":100,"column":8},"end":{"line":100,"column":4453}},"43":{"start":{"line":101,"column":12},"end":{"line":101,"column":74}},"44":{"start":{"line":103,"column":8},"end":{"line":103,"column":104}},"45":{"start":{"line":104,"column":8},"end":{"line":104,"column":82}},"46":{"start":{"line":105,"column":8},"end":{"line":105,"column":51}},"47":{"start":{"line":106,"column":8},"end":{"line":106,"column":31}},"48":{"start":{"line":110,"column":8},"end":{"line":110,"column":31}},"49":{"start":{"line":114,"column":8},"end":{"line":114,"column":74}},"50":{"start":{"line":115,"column":8},"end":{"line":115,"column":30}},"51":{"start":{"line":116,"column":8},"end":{"line":116,"column":35}},"52":{"start":{"line":120,"column":8},"end":{"line":120,"column":74}},"53":{"start":{"line":121,"column":8},"end":{"line":121,"column":5428}},"54":{"start":{"line":122,"column":12},"end":{"line":122,"column":5489}},"55":{"start":{"line":123,"column":16},"end":{"line":123,"column":61}},"56":{"start":{"line":124,"column":16},"end":{"line":124,"column":30}},"57":{"start":{"line":126,"column":16},"end":{"line":126,"column":46}},"58":{"start":{"line":127,"column":16},"end":{"line":127,"column":22}},"59":{"start":{"line":130,"column":8},"end":{"line":130,"column":42}},"60":{"start":{"line":134,"column":8},"end":{"line":134,"column":68}},"61":{"start":{"line":135,"column":8},"end":{"line":135,"column":5990}},"62":{"start":{"line":136,"column":12},"end":{"line":136,"column":74}},"63":{"start":{"line":138,"column":8},"end":{"line":138,"column":35}},"64":{"start":{"line":139,"column":8},"end":{"line":139,"column":32}}},"branchMap":{"1":{"line":51,"type":"if","locations":[{"start":{"line":51,"column":8},"end":{"line":51,"column":8}},{"start":{"line":51,"column":8},"end":{"line":51,"column":8}}]},"2":{"line":62,"type":"if","locations":[{"start":{"line":62,"column":8},"end":{"line":62,"column":8}},{"start":{"line":62,"column":8},"end":{"line":62,"column":8}}]},"3":{"line":63,"type":"if","locations":[{"start":{"line":63,"column":8},"end":{"line":63,"column":8}},{"start":{"line":63,"column":8},"end":{"line":63,"column":8}}]},"4":{"line":68,"type":"if","locations":[{"start":{"line":68,"column":8},"end":{"line":68,"column":8}},{"start":{"line":68,"column":8},"end":{"line":68,"column":8}}]},"5":{"line":69,"type":"if","locations":[{"start":{"line":69,"column":12},"end":{"line":69,"column":12}},{"start":{"line":69,"column":12},"end":{"line":69,"column":12}}]},"6":{"line":84,"type":"if","locations":[{"start":{"line":84,"column":8},"end":{"line":84,"column":8}},{"start":{"line":84,"column":8},"end":{"line":84,"column":8}}]},"7":{"line":86,"type":"if","locations":[{"start":{"line":86,"column":8},"end":{"line":86,"column":8}},{"start":{"line":86,"column":8},"end":{"line":86,"column":8}}]},"8":{"line":87,"type":"if","locations":[{"start":{"line":87,"column":8},"end":{"line":87,"column":8}},{"start":{"line":87,"column":8},"end":{"line":87,"column":8}}]},"9":{"line":96,"type":"if","locations":[{"start":{"line":96,"column":8},"end":{"line":96,"column":8}},{"start":{"line":96,"column":8},"end":{"line":96,"column":8}}]},"10":{"line":99,"type":"if","locations":[{"start":{"line":99,"column":8},"end":{"line":99,"column":8}},{"start":{"line":99,"column":8},"end":{"line":99,"column":8}}]},"11":{"line":100,"type":"if","locations":[{"start":{"line":100,"column":8},"end":{"line":100,"column":8}},{"start":{"line":100,"column":8},"end":{"line":100,"column":8}}]},"12":{"line":101,"type":"if","locations":[{"start":{"line":101,"column":12},"end":{"line":101,"column":12}},{"start":{"line":101,"column":12},"end":{"line":101,"column":12}}]},"13":{"line":103,"type":"if","locations":[{"start":{"line":103,"column":8},"end":{"line":103,"column":8}},{"start":{"line":103,"column":8},"end":{"line":103,"column":8}}]},"14":{"line":105,"type":"if","locations":[{"start":{"line":105,"column":8},"end":{"line":105,"column":8}},{"start":{"line":105,"column":8},"end":{"line":105,"column":8}}]},"15":{"line":114,"type":"if","locations":[{"start":{"line":114,"column":8},"end":{"line":114,"column":8}},{"start":{"line":114,"column":8},"end":{"line":114,"column":8}}]},"16":{"line":120,"type":"if","locations":[{"start":{"line":120,"column":8},"end":{"line":120,"column":8}},{"start":{"line":120,"column":8},"end":{"line":120,"column":8}}]},"17":{"line":122,"type":"if","locations":[{"start":{"line":122,"column":12},"end":{"line":122,"column":12}},{"start":{"line":122,"column":12},"end":{"line":122,"column":12}}]},"18":{"line":134,"type":"if","locations":[{"start":{"line":134,"column":8},"end":{"line":134,"column":8}},{"start":{"line":134,"column":8},"end":{"line":134,"column":8}}]},"19":{"line":136,"type":"if","locations":[{"start":{"line":136,"column":12},"end":{"line":136,"column":12}},{"start":{"line":136,"column":12},"end":{"line":136,"column":12}}]}}},"contracts/test/TestERC20.sol":{"l":{"13":0,"14":0,"18":0},"path":"/home/user/ibg/contracts/test/TestERC20.sol","s":{"1":0,"2":0,"3":0},"b":{},"f":{"1":0,"2":0},"fnMap":{"1":{"name":"constructor","line":12,"loc":{"start":{"line":8,"column":4},"end":{"line":15,"column":4}}},"2":{"name":"testMint","line":17,"loc":{"start":{"line":17,"column":4},"end":{"line":19,"column":4}}}},"statementMap":{"1":{"start":{"line":13,"column":8},"end":{"line":13,"column":38}},"2":{"start":{"line":14,"column":8},"end":{"line":14,"column":25}},"3":{"start":{"line":18,"column":8},"end":{"line":18,"column":31}}},"branchMap":{}},"contracts/test/TestQuorumGovernance.sol":{"l":{"11":0,"12":0,"16":0,"17":0},"path":"/home/user/ibg/contracts/test/TestQuorumGovernance.sol","s":{"1":0,"2":0,"3":0,"4":0},"b":{"1":[0,0],"2":[0,0]},"f":{"1":0,"2":0},"fnMap":{"1":{"name":"constructor","line":10,"loc":{"start":{"line":10,"column":4},"end":{"line":13,"column":4}}},"2":{"name":"setTestUintProposal","line":15,"loc":{"start":{"line":15,"column":4},"end":{"line":18,"column":4}}}},"statementMap":{"1":{"start":{"line":11,"column":8},"end":{"line":11,"column":71}},"2":{"start":{"line":12,"column":8},"end":{"line":12,"column":45}},"3":{"start":{"line":16,"column":8},"end":{"line":16,"column":78}},"4":{"start":{"line":17,"column":8},"end":{"line":17,"column":27}}},"branchMap":{"1":{"line":11,"type":"if","locations":[{"start":{"line":11,"column":8},"end":{"line":11,"column":8}},{"start":{"line":11,"column":8},"end":{"line":11,"column":8}}]},"2":{"line":16,"type":"if","locations":[{"start":{"line":16,"column":8},"end":{"line":16,"column":8}},{"start":{"line":16,"column":8},"end":{"line":16,"column":8}}]}}},"contracts/test/TestTreeLibrary.sol":{"l":{"18":0,"27":0,"28":0,"29":0,"30":0,"31":0,"32":0,"33":0,"34":0,"38":0,"42":0,"46":0,"54":0,"55":0,"59":0,"70":0,"71":0,"72":0,"73":0},"path":"/home/user/ibg/contracts/test/TestTreeLibrary.sol","s":{"1":0,"2":0,"3":0,"4":0,"5":0,"6":0,"7":0,"8":0,"9":0,"10":0,"11":0,"12":0,"13":0,"14":0,"15":0,"16":0,"17":0,"18":0,"19":0},"b":{},"f":{"1":0,"2":0,"3":0,"4":0,"5":0,"6":0,"7":0,"8":0},"fnMap":{"1":{"name":"constructor","line":17,"loc":{"start":{"line":17,"column":4},"end":{"line":19,"column":4}}},"2":{"name":"nodeOf","line":21,"loc":{"start":{"line":21,"column":4},"end":{"line":35,"column":4}}},"3":{"name":"nextWalkedNode","line":37,"loc":{"start":{"line":37,"column":4},"end":{"line":39,"column":4}}},"4":{"name":"repair","line":41,"loc":{"start":{"line":41,"column":4},"end":{"line":43,"column":4}}},"5":{"name":"setPrincipalParentId","line":45,"loc":{"start":{"line":45,"column":4},"end":{"line":47,"column":4}}},"6":{"name":"insertWithPrincipalParentId","line":49,"loc":{"start":{"line":49,"column":4},"end":{"line":56,"column":4}}},"7":{"name":"insert","line":58,"loc":{"start":{"line":58,"column":4},"end":{"line":60,"column":4}}},"8":{"name":"migrate","line":62,"loc":{"start":{"line":62,"column":4},"end":{"line":74,"column":4}}}},"statementMap":{"1":{"start":{"line":18,"column":8},"end":{"line":18,"column":32}},"2":{"start":{"line":27,"column":8},"end":{"line":27,"column":61}},"3":{"start":{"line":28,"column":8},"end":{"line":28,"column":25}},"4":{"start":{"line":29,"column":8},"end":{"line":29,"column":27}},"5":{"start":{"line":30,"column":8},"end":{"line":30,"column":49}},"6":{"start":{"line":31,"column":8},"end":{"line":31,"column":34}},"7":{"start":{"line":32,"column":8},"end":{"line":32,"column":37}},"8":{"start":{"line":33,"column":8},"end":{"line":33,"column":37}},"9":{"start":{"line":34,"column":8},"end":{"line":34,"column":37}},"10":{"start":{"line":38,"column":8},"end":{"line":38,"column":34}},"11":{"start":{"line":42,"column":8},"end":{"line":42,"column":20}},"12":{"start":{"line":46,"column":8},"end":{"line":46,"column":83}},"13":{"start":{"line":54,"column":8},"end":{"line":54,"column":61}},"14":{"start":{"line":55,"column":8},"end":{"line":55,"column":65}},"15":{"start":{"line":59,"column":8},"end":{"line":59,"column":61}},"16":{"start":{"line":70,"column":8},"end":{"line":70,"column":44}},"17":{"start":{"line":71,"column":8},"end":{"line":71,"column":46}},"18":{"start":{"line":72,"column":8},"end":{"line":72,"column":50}},"19":{"start":{"line":73,"column":8},"end":{"line":73,"column":68}}},"branchMap":{}},"contracts/upgradeability/CustomOwnable.sol":{"l":{"23":0,"24":0,"31":0,"39":0,"46":0,"54":0,"55":0,"56":0},"path":"/home/user/ibg/contracts/upgradeability/CustomOwnable.sol","s":{"1":0,"2":0,"3":0,"4":0,"5":0,"6":0,"7":0},"b":{"1":[0,0],"2":[0,0]},"f":{"1":0,"2":0,"3":0,"4":0,"5":0},"fnMap":{"1":{"name":"onlyOwner","line":22,"loc":{"start":{"line":22,"column":4},"end":{"line":25,"column":4}}},"2":{"name":"constructor","line":30,"loc":{"start":{"line":30,"column":4},"end":{"line":32,"column":4}}},"3":{"name":"owner","line":38,"loc":{"start":{"line":38,"column":4},"end":{"line":40,"column":4}}},"4":{"name":"_setOwner","line":45,"loc":{"start":{"line":45,"column":4},"end":{"line":47,"column":4}}},"5":{"name":"transferOwnership","line":53,"loc":{"start":{"line":53,"column":4},"end":{"line":57,"column":4}}}},"statementMap":{"1":{"start":{"line":23,"column":8},"end":{"line":23,"column":65}},"2":{"start":{"line":31,"column":8},"end":{"line":31,"column":28}},"3":{"start":{"line":39,"column":8},"end":{"line":39,"column":21}},"4":{"start":{"line":46,"column":8},"end":{"line":46,"column":24}},"5":{"start":{"line":54,"column":8},"end":{"line":54,"column":66}},"6":{"start":{"line":55,"column":8},"end":{"line":55,"column":52}},"7":{"start":{"line":56,"column":8},"end":{"line":56,"column":26}}},"branchMap":{"1":{"line":23,"type":"if","locations":[{"start":{"line":23,"column":8},"end":{"line":23,"column":8}},{"start":{"line":23,"column":8},"end":{"line":23,"column":8}}]},"2":{"line":54,"type":"if","locations":[{"start":{"line":54,"column":8},"end":{"line":54,"column":8}},{"start":{"line":54,"column":8},"end":{"line":54,"column":8}}]}}},"contracts/upgradeability/OwnedUpgradeabilityProxy.sol":{"l":{"33":0,"41":0,"42":0,"51":0,"52":0,"62":0,"63":0,"72":0,"73":0,"83":0,"84":0,"85":0,"93":0,"104":0,"105":0,"106":0,"114":0,"118":0,"126":0,"127":0,"137":0,"138":0,"148":0,"149":0,"150":0,"151":0,"155":0,"156":0,"158":0,"159":0,"160":0,"177":0,"178":0},"path":"/home/user/ibg/contracts/upgradeability/OwnedUpgradeabilityProxy.sol","s":{"1":0,"2":0,"3":0,"4":0,"5":0,"6":0,"7":0,"8":0,"9":0,"10":0,"11":0,"12":0,"13":0,"14":0,"15":0,"16":0,"17":0,"18":0,"19":0,"20":0,"21":0,"22":0,"23":0,"24":0},"b":{"1":[0,0],"2":[0,0],"3":[0,0],"4":[0,0],"5":[0,0],"6":[0,0],"7":[0,0]},"f":{"1":0,"2":0,"3":0,"4":0,"5":0,"6":0,"7":0,"8":0,"9":0,"10":0,"11":0,"12":0,"13":0,"14":0},"fnMap":{"1":{"name":"constructor","line":32,"loc":{"start":{"line":32,"column":4},"end":{"line":34,"column":4}}},"2":{"name":"maintenance","line":40,"loc":{"start":{"line":40,"column":4},"end":{"line":45,"column":4}}},"3":{"name":"setMaintenance","line":50,"loc":{"start":{"line":50,"column":4},"end":{"line":55,"column":4}}},"4":{"name":"proxyOwner","line":61,"loc":{"start":{"line":61,"column":4},"end":{"line":66,"column":4}}},"5":{"name":"setUpgradeabilityOwner","line":71,"loc":{"start":{"line":71,"column":4},"end":{"line":76,"column":4}}},"6":{"name":"transferProxyOwnership","line":82,"loc":{"start":{"line":82,"column":4},"end":{"line":86,"column":4}}},"7":{"name":"upgradeTo","line":92,"loc":{"start":{"line":92,"column":4},"end":{"line":94,"column":4}}},"8":{"name":"upgradeToAndCall","line":103,"loc":{"start":{"line":103,"column":4},"end":{"line":107,"column":4}}},"9":{"name":null,"line":113,"loc":{"start":{"line":113,"column":4},"end":{"line":115,"column":4}}},"10":{"name":"implementation","line":125,"loc":{"start":{"line":125,"column":4},"end":{"line":130,"column":4}}},"11":{"name":"setImplementation","line":136,"loc":{"start":{"line":136,"column":4},"end":{"line":141,"column":4}}},"12":{"name":"_upgradeTo","line":147,"loc":{"start":{"line":147,"column":4},"end":{"line":152,"column":4}}},"13":{"name":"_fallback","line":154,"loc":{"start":{"line":154,"column":4},"end":{"line":171,"column":4}}},"14":{"name":"onlyProxyOwner","line":176,"loc":{"start":{"line":176,"column":4},"end":{"line":179,"column":4}}}},"statementMap":{"1":{"start":{"line":33,"column":8},"end":{"line":33,"column":41}},"2":{"start":{"line":41,"column":8},"end":{"line":41,"column":46}},"3":{"start":{"line":51,"column":8},"end":{"line":51,"column":46}},"4":{"start":{"line":62,"column":8},"end":{"line":62,"column":45}},"5":{"start":{"line":72,"column":8},"end":{"line":72,"column":45}},"6":{"start":{"line":83,"column":8},"end":{"line":83,"column":75}},"7":{"start":{"line":84,"column":8},"end":{"line":84,"column":62}},"8":{"start":{"line":85,"column":8},"end":{"line":85,"column":39}},"9":{"start":{"line":93,"column":8},"end":{"line":93,"column":33}},"10":{"start":{"line":104,"column":8},"end":{"line":104,"column":32}},"11":{"start":{"line":105,"column":8},"end":{"line":105,"column":68}},"12":{"start":{"line":106,"column":8},"end":{"line":106,"column":60}},"13":{"start":{"line":114,"column":8},"end":{"line":114,"column":18}},"14":{"start":{"line":126,"column":8},"end":{"line":126,"column":49}},"15":{"start":{"line":137,"column":8},"end":{"line":137,"column":49}},"16":{"start":{"line":148,"column":8},"end":{"line":148,"column":56}},"17":{"start":{"line":149,"column":8},"end":{"line":149,"column":95}},"18":{"start":{"line":150,"column":8},"end":{"line":150,"column":43}},"19":{"start":{"line":151,"column":8},"end":{"line":151,"column":40}},"20":{"start":{"line":155,"column":8},"end":{"line":155,"column":5567}},"21":{"start":{"line":156,"column":12},"end":{"line":156,"column":85}},"22":{"start":{"line":158,"column":8},"end":{"line":158,"column":40}},"23":{"start":{"line":159,"column":8},"end":{"line":159,"column":72}},"24":{"start":{"line":177,"column":8},"end":{"line":177,"column":81}}},"branchMap":{"1":{"line":83,"type":"if","locations":[{"start":{"line":83,"column":8},"end":{"line":83,"column":8}},{"start":{"line":83,"column":8},"end":{"line":83,"column":8}}]},"2":{"line":106,"type":"if","locations":[{"start":{"line":106,"column":8},"end":{"line":106,"column":8}},{"start":{"line":106,"column":8},"end":{"line":106,"column":8}}]},"3":{"line":149,"type":"if","locations":[{"start":{"line":149,"column":8},"end":{"line":149,"column":8}},{"start":{"line":149,"column":8},"end":{"line":149,"column":8}}]},"4":{"line":155,"type":"if","locations":[{"start":{"line":155,"column":8},"end":{"line":155,"column":8}},{"start":{"line":155,"column":8},"end":{"line":155,"column":8}}]},"5":{"line":156,"type":"if","locations":[{"start":{"line":156,"column":12},"end":{"line":156,"column":12}},{"start":{"line":156,"column":12},"end":{"line":156,"column":12}}]},"6":{"line":159,"type":"if","locations":[{"start":{"line":159,"column":8},"end":{"line":159,"column":8}},{"start":{"line":159,"column":8},"end":{"line":159,"column":8}}]},"7":{"line":177,"type":"if","locations":[{"start":{"line":177,"column":8},"end":{"line":177,"column":8}},{"start":{"line":177,"column":8},"end":{"line":177,"column":8}}]}}}}